Tue Nov 20 22:50:45 EST 2018:com.risk.view.StartWindow$3:actionPerformed::Player clicked Start Game Button, proceeding to Game
Tue Nov 20 22:50:47 EST 2018:com.risk.view.SelectModeWindow$2:actionPerformed::Player clicked Single Game Mode Button, proceeding to Single Mode - Select Map Window
Tue Nov 20 22:50:49 EST 2018:com.risk.view.SelectMapWindow$2:actionPerformed::New World.txt is selected, proceeding to Setup Player Window
Tue Nov 20 22:50:51 EST 2018:com.risk.view.SetPlayersWindow$3:actionPerformed::OK button is pressed. 2 are created.
Tue Nov 20 22:50:51 EST 2018:com.risk.controller.GameController:loadCards::
Tue Nov 20 22:50:51 EST 2018:com.risk.controller.GameController:loadCards::48 cards are loaded
Tue Nov 20 22:50:51 EST 2018:com.risk.controller.GameController:assignTerritories::
Tue Nov 20 22:50:51 EST 2018:com.risk.controller.GameController:getRandomNumber::inside getRandomNumber function
Tue Nov 20 22:50:51 EST 2018:com.risk.controller.GameController:getRandomNumber::inside getRandomNumber function returns44
Tue Nov 20 22:50:51 EST 2018:com.risk.controller.GameController:addArmyToTerritory::
Tue Nov 20 22:50:51 EST 2018:com.risk.controller.GameController:assignTerritories::Player1 has placed an army in Payyannur
Tue Nov 20 22:50:51 EST 2018:com.risk.controller.GameController:getRandomNumber::inside getRandomNumber function
Tue Nov 20 22:50:51 EST 2018:com.risk.controller.GameController:getRandomNumber::inside getRandomNumber function returns35
Tue Nov 20 22:50:51 EST 2018:com.risk.controller.GameController:addArmyToTerritory::
Tue Nov 20 22:50:51 EST 2018:com.risk.controller.GameController:assignTerritories::Player2 has placed an army in Yatusk
Tue Nov 20 22:50:51 EST 2018:com.risk.controller.GameController:getRandomNumber::inside getRandomNumber function
Tue Nov 20 22:50:51 EST 2018:com.risk.controller.GameController:getRandomNumber::inside getRandomNumber function returns10
Tue Nov 20 22:50:51 EST 2018:com.risk.controller.GameController:addArmyToTerritory::
Tue Nov 20 22:50:51 EST 2018:com.risk.controller.GameController:assignTerritories::Player1 has placed an army in Peru
Tue Nov 20 22:50:51 EST 2018:com.risk.controller.GameController:getRandomNumber::inside getRandomNumber function
Tue Nov 20 22:50:51 EST 2018:com.risk.controller.GameController:getRandomNumber::inside getRandomNumber function returns11
Tue Nov 20 22:50:51 EST 2018:com.risk.controller.GameController:addArmyToTerritory::
Tue Nov 20 22:50:51 EST 2018:com.risk.controller.GameController:assignTerritories::Player2 has placed an army in Brazil
Tue Nov 20 22:50:51 EST 2018:com.risk.controller.GameController:getRandomNumber::inside getRandomNumber function
Tue Nov 20 22:50:51 EST 2018:com.risk.controller.GameController:getRandomNumber::inside getRandomNumber function returns1
Tue Nov 20 22:50:51 EST 2018:com.risk.controller.GameController:addArmyToTerritory::
Tue Nov 20 22:50:51 EST 2018:com.risk.controller.GameController:assignTerritories::Player1 has placed an army in Northwest Territory
Tue Nov 20 22:50:51 EST 2018:com.risk.controller.GameController:getRandomNumber::inside getRandomNumber function
Tue Nov 20 22:50:51 EST 2018:com.risk.controller.GameController:getRandomNumber::inside getRandomNumber function returns38
Tue Nov 20 22:50:51 EST 2018:com.risk.controller.GameController:addArmyToTerritory::
Tue Nov 20 22:50:51 EST 2018:com.risk.controller.GameController:assignTerritories::Player2 has placed an army in Taliparamba
Tue Nov 20 22:50:51 EST 2018:com.risk.controller.GameController:getRandomNumber::inside getRandomNumber function
Tue Nov 20 22:50:51 EST 2018:com.risk.controller.GameController:getRandomNumber::inside getRandomNumber function returns31
Tue Nov 20 22:50:51 EST 2018:com.risk.controller.GameController:addArmyToTerritory::
Tue Nov 20 22:50:51 EST 2018:com.risk.controller.GameController:assignTerritories::Player1 has placed an army in Irkutsk
Tue Nov 20 22:50:51 EST 2018:com.risk.controller.GameController:getRandomNumber::inside getRandomNumber function
Tue Nov 20 22:50:51 EST 2018:com.risk.controller.GameController:getRandomNumber::inside getRandomNumber function returns0
Tue Nov 20 22:50:51 EST 2018:com.risk.controller.GameController:addArmyToTerritory::
Tue Nov 20 22:50:51 EST 2018:com.risk.controller.GameController:assignTerritories::Player2 has placed an army in Alaska
Tue Nov 20 22:50:51 EST 2018:com.risk.controller.GameController:getRandomNumber::inside getRandomNumber function
Tue Nov 20 22:50:51 EST 2018:com.risk.controller.GameController:getRandomNumber::inside getRandomNumber function returns3
Tue Nov 20 22:50:51 EST 2018:com.risk.controller.GameController:addArmyToTerritory::
Tue Nov 20 22:50:51 EST 2018:com.risk.controller.GameController:assignTerritories::Player1 has placed an army in Quebec
Tue Nov 20 22:50:51 EST 2018:com.risk.controller.GameController:getRandomNumber::inside getRandomNumber function
Tue Nov 20 22:50:51 EST 2018:com.risk.controller.GameController:getRandomNumber::inside getRandomNumber function returns17
Tue Nov 20 22:50:51 EST 2018:com.risk.controller.GameController:addArmyToTerritory::
Tue Nov 20 22:50:51 EST 2018:com.risk.controller.GameController:assignTerritories::Player2 has placed an army in Scandinavia
Tue Nov 20 22:50:51 EST 2018:com.risk.controller.GameController:getRandomNumber::inside getRandomNumber function
Tue Nov 20 22:50:51 EST 2018:com.risk.controller.GameController:getRandomNumber::inside getRandomNumber function returns0
Tue Nov 20 22:50:51 EST 2018:com.risk.controller.GameController:addArmyToTerritory::
Tue Nov 20 22:50:51 EST 2018:com.risk.controller.GameController:assignTerritories::Player1 has placed an army in Alberta
Tue Nov 20 22:50:51 EST 2018:com.risk.controller.GameController:getRandomNumber::inside getRandomNumber function
Tue Nov 20 22:50:51 EST 2018:com.risk.controller.GameController:getRandomNumber::inside getRandomNumber function returns8
Tue Nov 20 22:50:51 EST 2018:com.risk.controller.GameController:addArmyToTerritory::
Tue Nov 20 22:50:51 EST 2018:com.risk.controller.GameController:assignTerritories::Player2 has placed an army in Congo
Tue Nov 20 22:50:51 EST 2018:com.risk.controller.GameController:getRandomNumber::inside getRandomNumber function
Tue Nov 20 22:50:51 EST 2018:com.risk.controller.GameController:getRandomNumber::inside getRandomNumber function returns33
Tue Nov 20 22:50:51 EST 2018:com.risk.controller.GameController:addArmyToTerritory::
Tue Nov 20 22:50:51 EST 2018:com.risk.controller.GameController:assignTerritories::Player1 has placed an army in Kannur
Tue Nov 20 22:50:51 EST 2018:com.risk.controller.GameController:getRandomNumber::inside getRandomNumber function
Tue Nov 20 22:50:51 EST 2018:com.risk.controller.GameController:getRandomNumber::inside getRandomNumber function returns4
Tue Nov 20 22:50:51 EST 2018:com.risk.controller.GameController:addArmyToTerritory::
Tue Nov 20 22:50:51 EST 2018:com.risk.controller.GameController:assignTerritories::Player2 has placed an army in Central America
Tue Nov 20 22:50:51 EST 2018:com.risk.controller.GameController:getRandomNumber::inside getRandomNumber function
Tue Nov 20 22:50:51 EST 2018:com.risk.controller.GameController:getRandomNumber::inside getRandomNumber function returns18
Tue Nov 20 22:50:51 EST 2018:com.risk.controller.GameController:addArmyToTerritory::
Tue Nov 20 22:50:51 EST 2018:com.risk.controller.GameController:assignTerritories::Player1 has placed an army in Ural
Tue Nov 20 22:50:51 EST 2018:com.risk.controller.GameController:getRandomNumber::inside getRandomNumber function
Tue Nov 20 22:50:51 EST 2018:com.risk.controller.GameController:getRandomNumber::inside getRandomNumber function returns13
Tue Nov 20 22:50:51 EST 2018:com.risk.controller.GameController:addArmyToTerritory::
Tue Nov 20 22:50:51 EST 2018:com.risk.controller.GameController:assignTerritories::Player2 has placed an army in Western Europe
Tue Nov 20 22:50:51 EST 2018:com.risk.controller.GameController:getRandomNumber::inside getRandomNumber function
Tue Nov 20 22:50:51 EST 2018:com.risk.controller.GameController:getRandomNumber::inside getRandomNumber function returns2
Tue Nov 20 22:50:51 EST 2018:com.risk.controller.GameController:addArmyToTerritory::
Tue Nov 20 22:50:51 EST 2018:com.risk.controller.GameController:assignTerritories::Player1 has placed an army in Western United States
Tue Nov 20 22:50:51 EST 2018:com.risk.controller.GameController:getRandomNumber::inside getRandomNumber function
Tue Nov 20 22:50:51 EST 2018:com.risk.controller.GameController:getRandomNumber::inside getRandomNumber function returns19
Tue Nov 20 22:50:51 EST 2018:com.risk.controller.GameController:addArmyToTerritory::
Tue Nov 20 22:50:51 EST 2018:com.risk.controller.GameController:assignTerritories::Player2 has placed an army in China
Tue Nov 20 22:50:51 EST 2018:com.risk.controller.GameController:getRandomNumber::inside getRandomNumber function
Tue Nov 20 22:50:51 EST 2018:com.risk.controller.GameController:getRandomNumber::inside getRandomNumber function returns12
Tue Nov 20 22:50:51 EST 2018:com.risk.controller.GameController:addArmyToTerritory::
Tue Nov 20 22:50:51 EST 2018:com.risk.controller.GameController:assignTerritories::Player1 has placed an army in Northern Europe
Tue Nov 20 22:50:51 EST 2018:com.risk.controller.GameController:getRandomNumber::inside getRandomNumber function
Tue Nov 20 22:50:51 EST 2018:com.risk.controller.GameController:getRandomNumber::inside getRandomNumber function returns23
Tue Nov 20 22:50:51 EST 2018:com.risk.controller.GameController:addArmyToTerritory::
Tue Nov 20 22:50:51 EST 2018:com.risk.controller.GameController:assignTerritories::Player2 has placed an army in New Guinea
Tue Nov 20 22:50:51 EST 2018:com.risk.controller.GameController:getRandomNumber::inside getRandomNumber function
Tue Nov 20 22:50:51 EST 2018:com.risk.controller.GameController:getRandomNumber::inside getRandomNumber function returns19
Tue Nov 20 22:50:51 EST 2018:com.risk.controller.GameController:addArmyToTerritory::
Tue Nov 20 22:50:51 EST 2018:com.risk.controller.GameController:assignTerritories::Player1 has placed an army in Mongolia
Tue Nov 20 22:50:51 EST 2018:com.risk.controller.GameController:getRandomNumber::inside getRandomNumber function
Tue Nov 20 22:50:51 EST 2018:com.risk.controller.GameController:getRandomNumber::inside getRandomNumber function returns19
Tue Nov 20 22:50:51 EST 2018:com.risk.controller.GameController:addArmyToTerritory::
Tue Nov 20 22:50:51 EST 2018:com.risk.controller.GameController:assignTerritories::Player2 has placed an army in Kamchatka
Tue Nov 20 22:50:51 EST 2018:com.risk.controller.GameController:getRandomNumber::inside getRandomNumber function
Tue Nov 20 22:50:51 EST 2018:com.risk.controller.GameController:getRandomNumber::inside getRandomNumber function returns7
Tue Nov 20 22:50:51 EST 2018:com.risk.controller.GameController:addArmyToTerritory::
Tue Nov 20 22:50:51 EST 2018:com.risk.controller.GameController:assignTerritories::Player1 has placed an army in Madagascar
Tue Nov 20 22:50:51 EST 2018:com.risk.controller.GameController:getRandomNumber::inside getRandomNumber function
Tue Nov 20 22:50:51 EST 2018:com.risk.controller.GameController:getRandomNumber::inside getRandomNumber function returns11
Tue Nov 20 22:50:51 EST 2018:com.risk.controller.GameController:addArmyToTerritory::
Tue Nov 20 22:50:51 EST 2018:com.risk.controller.GameController:assignTerritories::Player2 has placed an army in Southern Europe
Tue Nov 20 22:50:51 EST 2018:com.risk.controller.GameController:getRandomNumber::inside getRandomNumber function
Tue Nov 20 22:50:51 EST 2018:com.risk.controller.GameController:getRandomNumber::inside getRandomNumber function returns6
Tue Nov 20 22:50:51 EST 2018:com.risk.controller.GameController:addArmyToTerritory::
Tue Nov 20 22:50:51 EST 2018:com.risk.controller.GameController:assignTerritories::Player1 has placed an army in South Africa
Tue Nov 20 22:50:51 EST 2018:com.risk.controller.GameController:getRandomNumber::inside getRandomNumber function
Tue Nov 20 22:50:51 EST 2018:com.risk.controller.GameController:getRandomNumber::inside getRandomNumber function returns12
Tue Nov 20 22:50:51 EST 2018:com.risk.controller.GameController:addArmyToTerritory::
Tue Nov 20 22:50:51 EST 2018:com.risk.controller.GameController:assignTerritories::Player2 has placed an army in Afghanistan
Tue Nov 20 22:50:51 EST 2018:com.risk.controller.GameController:getRandomNumber::inside getRandomNumber function
Tue Nov 20 22:50:51 EST 2018:com.risk.controller.GameController:getRandomNumber::inside getRandomNumber function returns6
Tue Nov 20 22:50:51 EST 2018:com.risk.controller.GameController:addArmyToTerritory::
Tue Nov 20 22:50:51 EST 2018:com.risk.controller.GameController:assignTerritories::Player1 has placed an army in East Africa
Tue Nov 20 22:50:51 EST 2018:com.risk.controller.GameController:getRandomNumber::inside getRandomNumber function
Tue Nov 20 22:50:51 EST 2018:com.risk.controller.GameController:getRandomNumber::inside getRandomNumber function returns10
Tue Nov 20 22:50:51 EST 2018:com.risk.controller.GameController:addArmyToTerritory::
Tue Nov 20 22:50:51 EST 2018:com.risk.controller.GameController:assignTerritories::Player2 has placed an army in Middle East
Tue Nov 20 22:50:51 EST 2018:com.risk.controller.GameController:getRandomNumber::inside getRandomNumber function
Tue Nov 20 22:50:51 EST 2018:com.risk.controller.GameController:getRandomNumber::inside getRandomNumber function returns2
Tue Nov 20 22:50:51 EST 2018:com.risk.controller.GameController:addArmyToTerritory::
Tue Nov 20 22:50:51 EST 2018:com.risk.controller.GameController:assignTerritories::Player1 has placed an army in Eastern United States
Tue Nov 20 22:50:51 EST 2018:com.risk.controller.GameController:getRandomNumber::inside getRandomNumber function
Tue Nov 20 22:50:51 EST 2018:com.risk.controller.GameController:getRandomNumber::inside getRandomNumber function returns4
Tue Nov 20 22:50:51 EST 2018:com.risk.controller.GameController:addArmyToTerritory::
Tue Nov 20 22:50:51 EST 2018:com.risk.controller.GameController:assignTerritories::Player2 has placed an army in North Africa
Tue Nov 20 22:50:51 EST 2018:com.risk.controller.GameController:getRandomNumber::inside getRandomNumber function
Tue Nov 20 22:50:51 EST 2018:com.risk.controller.GameController:getRandomNumber::inside getRandomNumber function returns9
Tue Nov 20 22:50:51 EST 2018:com.risk.controller.GameController:addArmyToTerritory::
Tue Nov 20 22:50:51 EST 2018:com.risk.controller.GameController:assignTerritories::Player1 has placed an army in Siberia
Tue Nov 20 22:50:51 EST 2018:com.risk.controller.GameController:getRandomNumber::inside getRandomNumber function
Tue Nov 20 22:50:51 EST 2018:com.risk.controller.GameController:getRandomNumber::inside getRandomNumber function returns10
Tue Nov 20 22:50:51 EST 2018:com.risk.controller.GameController:addArmyToTerritory::
Tue Nov 20 22:50:51 EST 2018:com.risk.controller.GameController:assignTerritories::Player2 has placed an army in Japan
Tue Nov 20 22:50:51 EST 2018:com.risk.controller.GameController:getRandomNumber::inside getRandomNumber function
Tue Nov 20 22:50:51 EST 2018:com.risk.controller.GameController:getRandomNumber::inside getRandomNumber function returns0
Tue Nov 20 22:50:51 EST 2018:com.risk.controller.GameController:addArmyToTerritory::
Tue Nov 20 22:50:51 EST 2018:com.risk.controller.GameController:assignTerritories::Player1 has placed an army in Greenland
Tue Nov 20 22:50:51 EST 2018:com.risk.controller.GameController:getRandomNumber::inside getRandomNumber function
Tue Nov 20 22:50:51 EST 2018:com.risk.controller.GameController:getRandomNumber::inside getRandomNumber function returns6
Tue Nov 20 22:50:51 EST 2018:com.risk.controller.GameController:addArmyToTerritory::
Tue Nov 20 22:50:51 EST 2018:com.risk.controller.GameController:assignTerritories::Player2 has placed an army in Ukraine
Tue Nov 20 22:50:51 EST 2018:com.risk.controller.GameController:getRandomNumber::inside getRandomNumber function
Tue Nov 20 22:50:51 EST 2018:com.risk.controller.GameController:getRandomNumber::inside getRandomNumber function returns0
Tue Nov 20 22:50:51 EST 2018:com.risk.controller.GameController:addArmyToTerritory::
Tue Nov 20 22:50:51 EST 2018:com.risk.controller.GameController:assignTerritories::Player1 has placed an army in Ontario
Tue Nov 20 22:50:51 EST 2018:com.risk.controller.GameController:getRandomNumber::inside getRandomNumber function
Tue Nov 20 22:50:51 EST 2018:com.risk.controller.GameController:getRandomNumber::inside getRandomNumber function returns7
Tue Nov 20 22:50:51 EST 2018:com.risk.controller.GameController:addArmyToTerritory::
Tue Nov 20 22:50:51 EST 2018:com.risk.controller.GameController:assignTerritories::Player2 has placed an army in Indonesia
Tue Nov 20 22:50:51 EST 2018:com.risk.controller.GameController:getRandomNumber::inside getRandomNumber function
Tue Nov 20 22:50:51 EST 2018:com.risk.controller.GameController:getRandomNumber::inside getRandomNumber function returns3
Tue Nov 20 22:50:51 EST 2018:com.risk.controller.GameController:addArmyToTerritory::
Tue Nov 20 22:50:51 EST 2018:com.risk.controller.GameController:assignTerritories::Player1 has placed an army in Iceland
Tue Nov 20 22:50:51 EST 2018:com.risk.controller.GameController:getRandomNumber::inside getRandomNumber function
Tue Nov 20 22:50:51 EST 2018:com.risk.controller.GameController:getRandomNumber::inside getRandomNumber function returns2
Tue Nov 20 22:50:51 EST 2018:com.risk.controller.GameController:addArmyToTerritory::
Tue Nov 20 22:50:51 EST 2018:com.risk.controller.GameController:assignTerritories::Player2 has placed an army in Egypt
Tue Nov 20 22:50:51 EST 2018:com.risk.controller.GameController:getRandomNumber::inside getRandomNumber function
Tue Nov 20 22:50:51 EST 2018:com.risk.controller.GameController:getRandomNumber::inside getRandomNumber function returns5
Tue Nov 20 22:50:51 EST 2018:com.risk.controller.GameController:addArmyToTerritory::
Tue Nov 20 22:50:51 EST 2018:com.risk.controller.GameController:assignTerritories::Player1 has placed an army in Western Australia
Tue Nov 20 22:50:51 EST 2018:com.risk.controller.GameController:getRandomNumber::inside getRandomNumber function
Tue Nov 20 22:50:51 EST 2018:com.risk.controller.GameController:getRandomNumber::inside getRandomNumber function returns0
Tue Nov 20 22:50:51 EST 2018:com.risk.controller.GameController:addArmyToTerritory::
Tue Nov 20 22:50:51 EST 2018:com.risk.controller.GameController:assignTerritories::Player2 has placed an army in Venezuala
Tue Nov 20 22:50:51 EST 2018:com.risk.controller.GameController:getRandomNumber::inside getRandomNumber function
Tue Nov 20 22:50:51 EST 2018:com.risk.controller.GameController:getRandomNumber::inside getRandomNumber function returns5
Tue Nov 20 22:50:51 EST 2018:com.risk.controller.GameController:addArmyToTerritory::
Tue Nov 20 22:50:51 EST 2018:com.risk.controller.GameController:assignTerritories::Player1 has placed an army in Pattuvam
Tue Nov 20 22:50:51 EST 2018:com.risk.controller.GameController:getRandomNumber::inside getRandomNumber function
Tue Nov 20 22:50:51 EST 2018:com.risk.controller.GameController:getRandomNumber::inside getRandomNumber function returns3
Tue Nov 20 22:50:51 EST 2018:com.risk.controller.GameController:addArmyToTerritory::
Tue Nov 20 22:50:51 EST 2018:com.risk.controller.GameController:assignTerritories::Player2 has placed an army in Siam
Tue Nov 20 22:50:51 EST 2018:com.risk.controller.GameController:getRandomNumber::inside getRandomNumber function
Tue Nov 20 22:50:51 EST 2018:com.risk.controller.GameController:getRandomNumber::inside getRandomNumber function returns0
Tue Nov 20 22:50:51 EST 2018:com.risk.controller.GameController:addArmyToTerritory::
Tue Nov 20 22:50:51 EST 2018:com.risk.controller.GameController:assignTerritories::Player1 has placed an army in Argentina
Tue Nov 20 22:50:51 EST 2018:com.risk.controller.GameController:getRandomNumber::inside getRandomNumber function
Tue Nov 20 22:50:51 EST 2018:com.risk.controller.GameController:getRandomNumber::inside getRandomNumber function returns1
Tue Nov 20 22:50:51 EST 2018:com.risk.controller.GameController:addArmyToTerritory::
Tue Nov 20 22:50:51 EST 2018:com.risk.controller.GameController:assignTerritories::Player2 has placed an army in India
Tue Nov 20 22:50:51 EST 2018:com.risk.controller.GameController:getRandomNumber::inside getRandomNumber function
Tue Nov 20 22:50:51 EST 2018:com.risk.controller.GameController:getRandomNumber::inside getRandomNumber function returns0
Tue Nov 20 22:50:51 EST 2018:com.risk.controller.GameController:addArmyToTerritory::
Tue Nov 20 22:50:51 EST 2018:com.risk.controller.GameController:assignTerritories::Player1 has placed an army in Great Britain
Tue Nov 20 22:50:51 EST 2018:com.risk.controller.GameController:getRandomNumber::inside getRandomNumber function
Tue Nov 20 22:50:51 EST 2018:com.risk.controller.GameController:getRandomNumber::inside getRandomNumber function returns0
Tue Nov 20 22:50:51 EST 2018:com.risk.controller.GameController:addArmyToTerritory::
Tue Nov 20 22:50:51 EST 2018:com.risk.controller.GameController:assignTerritories::Player2 has placed an army in Eastern Australia
Tue Nov 20 22:50:51 EST 2018:com.risk.view.SetPlayersWindow$3:actionPerformed::Proceeding to Game Window
Tue Nov 20 22:50:51 EST 2018:com.risk.view.GameWindow:onGame::Inside onGame function
Tue Nov 20 22:50:51 EST 2018:com.risk.view.GameWindow:onGame::Add Armies Phase
Tue Nov 20 22:50:51 EST 2018:com.risk.view.GameWindow:onGame::Player1 is Human
