Tue Nov 27 15:57:18 EST 2018:com.risk.view.StartWindow$3:actionPerformed::Player clicked Start Game Button, proceeding to Game
Tue Nov 27 15:57:19 EST 2018:com.risk.view.SelectModeWindow$1:actionPerformed::Player clicked Single Game Mode Button, proceeding to Single Mode - Select Map Window
Tue Nov 27 15:57:22 EST 2018:com.risk.view.SelectMapWindow$1:actionPerformed::Hareesh's Asia.txt is selected, proceeding to Setup Player Window
Tue Nov 27 15:57:34 EST 2018:com.risk.view.SetPlayersWindow$3:actionPerformed::OK button is pressed. 5 are created.
Tue Nov 27 15:57:34 EST 2018:com.risk.controller.GameController:loadCards::
Tue Nov 27 15:57:34 EST 2018:com.risk.controller.GameController:loadCards::48 cards are loaded
Tue Nov 27 15:57:34 EST 2018:com.risk.controller.GameController:assignTerritories::
Tue Nov 27 15:57:34 EST 2018:com.risk.controller.GameController:getRandomNumber::inside getRandomNumber function
Tue Nov 27 15:57:34 EST 2018:com.risk.controller.GameController:getRandomNumber::inside getRandomNumber function returns31
Tue Nov 27 15:57:34 EST 2018:com.risk.controller.GameController:addArmyToTerritory::
Tue Nov 27 15:57:34 EST 2018:com.risk.controller.GameController:assignTerritories::Player1(24) has placed an army in India
Tue Nov 27 15:57:34 EST 2018:com.risk.controller.GameController:getRandomNumber::inside getRandomNumber function
Tue Nov 27 15:57:34 EST 2018:com.risk.controller.GameController:getRandomNumber::inside getRandomNumber function returns35
Tue Nov 27 15:57:34 EST 2018:com.risk.controller.GameController:addArmyToTerritory::
Tue Nov 27 15:57:34 EST 2018:com.risk.controller.GameController:assignTerritories::Player2(24) has placed an army in Maldives
Tue Nov 27 15:57:34 EST 2018:com.risk.controller.GameController:getRandomNumber::inside getRandomNumber function
Tue Nov 27 15:57:34 EST 2018:com.risk.controller.GameController:getRandomNumber::inside getRandomNumber function returns23
Tue Nov 27 15:57:34 EST 2018:com.risk.controller.GameController:addArmyToTerritory::
Tue Nov 27 15:57:34 EST 2018:com.risk.controller.GameController:assignTerritories::Player3(24) has placed an army in Azerbaijan
Tue Nov 27 15:57:34 EST 2018:com.risk.controller.GameController:getRandomNumber::inside getRandomNumber function
Tue Nov 27 15:57:34 EST 2018:com.risk.controller.GameController:getRandomNumber::inside getRandomNumber function returns24
Tue Nov 27 15:57:34 EST 2018:com.risk.controller.GameController:addArmyToTerritory::
Tue Nov 27 15:57:34 EST 2018:com.risk.controller.GameController:assignTerritories::Player4(24) has placed an army in Turkmenistan
Tue Nov 27 15:57:34 EST 2018:com.risk.controller.GameController:getRandomNumber::inside getRandomNumber function
Tue Nov 27 15:57:34 EST 2018:com.risk.controller.GameController:getRandomNumber::inside getRandomNumber function returns25
Tue Nov 27 15:57:34 EST 2018:com.risk.controller.GameController:addArmyToTerritory::
Tue Nov 27 15:57:34 EST 2018:com.risk.controller.GameController:assignTerritories::Player5(24) has placed an army in Kyrgyzstan
Tue Nov 27 15:57:34 EST 2018:com.risk.controller.GameController:getRandomNumber::inside getRandomNumber function
Tue Nov 27 15:57:34 EST 2018:com.risk.controller.GameController:getRandomNumber::inside getRandomNumber function returns12
Tue Nov 27 15:57:34 EST 2018:com.risk.controller.GameController:addArmyToTerritory::
Tue Nov 27 15:57:34 EST 2018:com.risk.controller.GameController:assignTerritories::Player1(23) has placed an army in Lebanon
Tue Nov 27 15:57:34 EST 2018:com.risk.controller.GameController:getRandomNumber::inside getRandomNumber function
Tue Nov 27 15:57:34 EST 2018:com.risk.controller.GameController:getRandomNumber::inside getRandomNumber function returns14
Tue Nov 27 15:57:34 EST 2018:com.risk.controller.GameController:addArmyToTerritory::
Tue Nov 27 15:57:34 EST 2018:com.risk.controller.GameController:assignTerritories::Player2(23) has placed an army in Japan
Tue Nov 27 15:57:34 EST 2018:com.risk.controller.GameController:getRandomNumber::inside getRandomNumber function
Tue Nov 27 15:57:34 EST 2018:com.risk.controller.GameController:getRandomNumber::inside getRandomNumber function returns32
Tue Nov 27 15:57:34 EST 2018:com.risk.controller.GameController:addArmyToTerritory::
Tue Nov 27 15:57:34 EST 2018:com.risk.controller.GameController:assignTerritories::Player3(23) has placed an army in Laos
Tue Nov 27 15:57:34 EST 2018:com.risk.controller.GameController:getRandomNumber::inside getRandomNumber function
Tue Nov 27 15:57:34 EST 2018:com.risk.controller.GameController:getRandomNumber::inside getRandomNumber function returns11
Tue Nov 27 15:57:34 EST 2018:com.risk.controller.GameController:addArmyToTerritory::
Tue Nov 27 15:57:34 EST 2018:com.risk.controller.GameController:assignTerritories::Player4(23) has placed an army in Jordan
Tue Nov 27 15:57:34 EST 2018:com.risk.controller.GameController:getRandomNumber::inside getRandomNumber function
Tue Nov 27 15:57:34 EST 2018:com.risk.controller.GameController:getRandomNumber::inside getRandomNumber function returns25
Tue Nov 27 15:57:34 EST 2018:com.risk.controller.GameController:addArmyToTerritory::
Tue Nov 27 15:57:34 EST 2018:com.risk.controller.GameController:assignTerritories::Player5(23) has placed an army in Nepal
Tue Nov 27 15:57:34 EST 2018:com.risk.controller.GameController:getRandomNumber::inside getRandomNumber function
Tue Nov 27 15:57:34 EST 2018:com.risk.controller.GameController:getRandomNumber::inside getRandomNumber function returns24
Tue Nov 27 15:57:34 EST 2018:com.risk.controller.GameController:addArmyToTerritory::
Tue Nov 27 15:57:34 EST 2018:com.risk.controller.GameController:assignTerritories::Player1(22) has placed an army in Pakistan
Tue Nov 27 15:57:34 EST 2018:com.risk.controller.GameController:getRandomNumber::inside getRandomNumber function
Tue Nov 27 15:57:34 EST 2018:com.risk.controller.GameController:getRandomNumber::inside getRandomNumber function returns2
Tue Nov 27 15:57:34 EST 2018:com.risk.controller.GameController:addArmyToTerritory::
Tue Nov 27 15:57:34 EST 2018:com.risk.controller.GameController:assignTerritories::Player2(22) has placed an army in Buhrain
Tue Nov 27 15:57:34 EST 2018:com.risk.controller.GameController:getRandomNumber::inside getRandomNumber function
Tue Nov 27 15:57:34 EST 2018:com.risk.controller.GameController:getRandomNumber::inside getRandomNumber function returns32
Tue Nov 27 15:57:34 EST 2018:com.risk.controller.GameController:addArmyToTerritory::
Tue Nov 27 15:57:34 EST 2018:com.risk.controller.GameController:assignTerritories::Player3(22) has placed an army in Indonesia
Tue Nov 27 15:57:34 EST 2018:com.risk.controller.GameController:getRandomNumber::inside getRandomNumber function
Tue Nov 27 15:57:34 EST 2018:com.risk.controller.GameController:getRandomNumber::inside getRandomNumber function returns21
Tue Nov 27 15:57:34 EST 2018:com.risk.controller.GameController:addArmyToTerritory::
Tue Nov 27 15:57:34 EST 2018:com.risk.controller.GameController:assignTerritories::Player4(22) has placed an army in Tajikistan
Tue Nov 27 15:57:34 EST 2018:com.risk.controller.GameController:getRandomNumber::inside getRandomNumber function
Tue Nov 27 15:57:34 EST 2018:com.risk.controller.GameController:getRandomNumber::inside getRandomNumber function returns28
Tue Nov 27 15:57:34 EST 2018:com.risk.controller.GameController:addArmyToTerritory::
Tue Nov 27 15:57:34 EST 2018:com.risk.controller.GameController:assignTerritories::Player5(22) has placed an army in Cambodia
Tue Nov 27 15:57:34 EST 2018:com.risk.controller.GameController:getRandomNumber::inside getRandomNumber function
Tue Nov 27 15:57:34 EST 2018:com.risk.controller.GameController:getRandomNumber::inside getRandomNumber function returns23
Tue Nov 27 15:57:34 EST 2018:com.risk.controller.GameController:addArmyToTerritory::
Tue Nov 27 15:57:34 EST 2018:com.risk.controller.GameController:assignTerritories::Player1(21) has placed an army in Bangladesh
Tue Nov 27 15:57:34 EST 2018:com.risk.controller.GameController:getRandomNumber::inside getRandomNumber function
Tue Nov 27 15:57:34 EST 2018:com.risk.controller.GameController:getRandomNumber::inside getRandomNumber function returns8
Tue Nov 27 15:57:34 EST 2018:com.risk.controller.GameController:addArmyToTerritory::
Tue Nov 27 15:57:34 EST 2018:com.risk.controller.GameController:assignTerritories::Player2(21) has placed an army in Syria
Tue Nov 27 15:57:34 EST 2018:com.risk.controller.GameController:getRandomNumber::inside getRandomNumber function
Tue Nov 27 15:57:34 EST 2018:com.risk.controller.GameController:getRandomNumber::inside getRandomNumber function returns19
Tue Nov 27 15:57:34 EST 2018:com.risk.controller.GameController:addArmyToTerritory::
Tue Nov 27 15:57:34 EST 2018:com.risk.controller.GameController:assignTerritories::Player3(21) has placed an army in Uzbekistan
Tue Nov 27 15:57:34 EST 2018:com.risk.controller.GameController:getRandomNumber::inside getRandomNumber function
Tue Nov 27 15:57:34 EST 2018:com.risk.controller.GameController:getRandomNumber::inside getRandomNumber function returns22
Tue Nov 27 15:57:34 EST 2018:com.risk.controller.GameController:addArmyToTerritory::
Tue Nov 27 15:57:34 EST 2018:com.risk.controller.GameController:assignTerritories::Player4(21) has placed an army in Myanmar
Tue Nov 27 15:57:34 EST 2018:com.risk.controller.GameController:getRandomNumber::inside getRandomNumber function
Tue Nov 27 15:57:34 EST 2018:com.risk.controller.GameController:getRandomNumber::inside getRandomNumber function returns17
Tue Nov 27 15:57:34 EST 2018:com.risk.controller.GameController:addArmyToTerritory::
Tue Nov 27 15:57:34 EST 2018:com.risk.controller.GameController:assignTerritories::Player5(21) has placed an army in Armenia
Tue Nov 27 15:57:34 EST 2018:com.risk.controller.GameController:getRandomNumber::inside getRandomNumber function
Tue Nov 27 15:57:34 EST 2018:com.risk.controller.GameController:getRandomNumber::inside getRandomNumber function returns14
Tue Nov 27 15:57:34 EST 2018:com.risk.controller.GameController:addArmyToTerritory::
Tue Nov 27 15:57:34 EST 2018:com.risk.controller.GameController:assignTerritories::Player1(20) has placed an army in Mongolia
Tue Nov 27 15:57:34 EST 2018:com.risk.controller.GameController:getRandomNumber::inside getRandomNumber function
Tue Nov 27 15:57:34 EST 2018:com.risk.controller.GameController:getRandomNumber::inside getRandomNumber function returns6
Tue Nov 27 15:57:34 EST 2018:com.risk.controller.GameController:addArmyToTerritory::
Tue Nov 27 15:57:34 EST 2018:com.risk.controller.GameController:assignTerritories::Player2(20) has placed an army in Turkey
Tue Nov 27 15:57:34 EST 2018:com.risk.controller.GameController:getRandomNumber::inside getRandomNumber function
Tue Nov 27 15:57:34 EST 2018:com.risk.controller.GameController:getRandomNumber::inside getRandomNumber function returns22
Tue Nov 27 15:57:34 EST 2018:com.risk.controller.GameController:addArmyToTerritory::
Tue Nov 27 15:57:34 EST 2018:com.risk.controller.GameController:assignTerritories::Player3(20) has placed an army in Singapore
Tue Nov 27 15:57:34 EST 2018:com.risk.controller.GameController:getRandomNumber::inside getRandomNumber function
Tue Nov 27 15:57:34 EST 2018:com.risk.controller.GameController:getRandomNumber::inside getRandomNumber function returns0
Tue Nov 27 15:57:34 EST 2018:com.risk.controller.GameController:addArmyToTerritory::
Tue Nov 27 15:57:34 EST 2018:com.risk.controller.GameController:assignTerritories::Player4(20) has placed an army in Saudi Arabia
Tue Nov 27 15:57:34 EST 2018:com.risk.controller.GameController:getRandomNumber::inside getRandomNumber function
Tue Nov 27 15:57:34 EST 2018:com.risk.controller.GameController:getRandomNumber::inside getRandomNumber function returns19
Tue Nov 27 15:57:34 EST 2018:com.risk.controller.GameController:addArmyToTerritory::
Tue Nov 27 15:57:34 EST 2018:com.risk.controller.GameController:assignTerritories::Player5(20) has placed an army in Vietnam
Tue Nov 27 15:57:34 EST 2018:com.risk.controller.GameController:getRandomNumber::inside getRandomNumber function
Tue Nov 27 15:57:34 EST 2018:com.risk.controller.GameController:getRandomNumber::inside getRandomNumber function returns20
Tue Nov 27 15:57:34 EST 2018:com.risk.controller.GameController:addArmyToTerritory::
Tue Nov 27 15:57:34 EST 2018:com.risk.controller.GameController:assignTerritories::Player1(19) has placed an army in East Malaysia
Tue Nov 27 15:57:34 EST 2018:com.risk.controller.GameController:getRandomNumber::inside getRandomNumber function
Tue Nov 27 15:57:34 EST 2018:com.risk.controller.GameController:getRandomNumber::inside getRandomNumber function returns3
Tue Nov 27 15:57:34 EST 2018:com.risk.controller.GameController:addArmyToTerritory::
Tue Nov 27 15:57:34 EST 2018:com.risk.controller.GameController:assignTerritories::Player2(19) has placed an army in Omen
Tue Nov 27 15:57:34 EST 2018:com.risk.controller.GameController:getRandomNumber::inside getRandomNumber function
Tue Nov 27 15:57:34 EST 2018:com.risk.controller.GameController:getRandomNumber::inside getRandomNumber function returns14
Tue Nov 27 15:57:34 EST 2018:com.risk.controller.GameController:addArmyToTerritory::
Tue Nov 27 15:57:34 EST 2018:com.risk.controller.GameController:assignTerritories::Player3(19) has placed an army in Afghanistan
Tue Nov 27 15:57:34 EST 2018:com.risk.controller.GameController:getRandomNumber::inside getRandomNumber function
Tue Nov 27 15:57:34 EST 2018:com.risk.controller.GameController:getRandomNumber::inside getRandomNumber function returns1
Tue Nov 27 15:57:34 EST 2018:com.risk.controller.GameController:addArmyToTerritory::
Tue Nov 27 15:57:34 EST 2018:com.risk.controller.GameController:assignTerritories::Player4(19) has placed an army in Qatar
Tue Nov 27 15:57:34 EST 2018:com.risk.controller.GameController:getRandomNumber::inside getRandomNumber function
Tue Nov 27 15:57:34 EST 2018:com.risk.controller.GameController:getRandomNumber::inside getRandomNumber function returns7
Tue Nov 27 15:57:34 EST 2018:com.risk.controller.GameController:addArmyToTerritory::
Tue Nov 27 15:57:34 EST 2018:com.risk.controller.GameController:assignTerritories::Player5(19) has placed an army in North Korea
Tue Nov 27 15:57:34 EST 2018:com.risk.controller.GameController:getRandomNumber::inside getRandomNumber function
Tue Nov 27 15:57:34 EST 2018:com.risk.controller.GameController:getRandomNumber::inside getRandomNumber function returns9
Tue Nov 27 15:57:34 EST 2018:com.risk.controller.GameController:addArmyToTerritory::
Tue Nov 27 15:57:34 EST 2018:com.risk.controller.GameController:assignTerritories::Player1(18) has placed an army in Kazakhstan
Tue Nov 27 15:57:34 EST 2018:com.risk.controller.GameController:getRandomNumber::inside getRandomNumber function
Tue Nov 27 15:57:34 EST 2018:com.risk.controller.GameController:getRandomNumber::inside getRandomNumber function returns16
Tue Nov 27 15:57:34 EST 2018:com.risk.controller.GameController:addArmyToTerritory::
Tue Nov 27 15:57:34 EST 2018:com.risk.controller.GameController:assignTerritories::Player2(18) has placed an army in Philippines
Tue Nov 27 15:57:34 EST 2018:com.risk.controller.GameController:getRandomNumber::inside getRandomNumber function
Tue Nov 27 15:57:34 EST 2018:com.risk.controller.GameController:getRandomNumber::inside getRandomNumber function returns3
Tue Nov 27 15:57:34 EST 2018:com.risk.controller.GameController:addArmyToTerritory::
Tue Nov 27 15:57:34 EST 2018:com.risk.controller.GameController:assignTerritories::Player3(18) has placed an army in Cyprus
Tue Nov 27 15:57:34 EST 2018:com.risk.controller.GameController:getRandomNumber::inside getRandomNumber function
Tue Nov 27 15:57:34 EST 2018:com.risk.controller.GameController:getRandomNumber::inside getRandomNumber function returns7
Tue Nov 27 15:57:34 EST 2018:com.risk.controller.GameController:addArmyToTerritory::
Tue Nov 27 15:57:34 EST 2018:com.risk.controller.GameController:assignTerritories::Player4(18) has placed an army in China
Tue Nov 27 15:57:34 EST 2018:com.risk.controller.GameController:getRandomNumber::inside getRandomNumber function
Tue Nov 27 15:57:34 EST 2018:com.risk.controller.GameController:getRandomNumber::inside getRandomNumber function returns12
Tue Nov 27 15:57:34 EST 2018:com.risk.controller.GameController:addArmyToTerritory::
Tue Nov 27 15:57:34 EST 2018:com.risk.controller.GameController:assignTerritories::Player5(18) has placed an army in West Malaysia
Tue Nov 27 15:57:34 EST 2018:com.risk.controller.GameController:getRandomNumber::inside getRandomNumber function
Tue Nov 27 15:57:34 EST 2018:com.risk.controller.GameController:getRandomNumber::inside getRandomNumber function returns9
Tue Nov 27 15:57:34 EST 2018:com.risk.controller.GameController:addArmyToTerritory::
Tue Nov 27 15:57:34 EST 2018:com.risk.controller.GameController:assignTerritories::Player1(17) has placed an army in Bhuntan
Tue Nov 27 15:57:34 EST 2018:com.risk.controller.GameController:getRandomNumber::inside getRandomNumber function
Tue Nov 27 15:57:34 EST 2018:com.risk.controller.GameController:getRandomNumber::inside getRandomNumber function returns6
Tue Nov 27 15:57:34 EST 2018:com.risk.controller.GameController:addArmyToTerritory::
Tue Nov 27 15:57:34 EST 2018:com.risk.controller.GameController:assignTerritories::Player2(17) has placed an army in South Korea
Tue Nov 27 15:57:34 EST 2018:com.risk.controller.GameController:getRandomNumber::inside getRandomNumber function
Tue Nov 27 15:57:34 EST 2018:com.risk.controller.GameController:getRandomNumber::inside getRandomNumber function returns10
Tue Nov 27 15:57:34 EST 2018:com.risk.controller.GameController:addArmyToTerritory::
Tue Nov 27 15:57:34 EST 2018:com.risk.controller.GameController:assignTerritories::Player3(17) has placed an army in Brunei
Tue Nov 27 15:57:34 EST 2018:com.risk.controller.GameController:getRandomNumber::inside getRandomNumber function
Tue Nov 27 15:57:34 EST 2018:com.risk.controller.GameController:getRandomNumber::inside getRandomNumber function returns8
Tue Nov 27 15:57:34 EST 2018:com.risk.controller.GameController:addArmyToTerritory::
Tue Nov 27 15:57:34 EST 2018:com.risk.controller.GameController:assignTerritories::Player4(17) has placed an army in Sri Lanka
Tue Nov 27 15:57:34 EST 2018:com.risk.controller.GameController:getRandomNumber::inside getRandomNumber function
Tue Nov 27 15:57:34 EST 2018:com.risk.controller.GameController:getRandomNumber::inside getRandomNumber function returns0
Tue Nov 27 15:57:34 EST 2018:com.risk.controller.GameController:addArmyToTerritory::
Tue Nov 27 15:57:34 EST 2018:com.risk.controller.GameController:assignTerritories::Player5(17) has placed an army in Kuwait
Tue Nov 27 15:57:34 EST 2018:com.risk.controller.GameController:getRandomNumber::inside getRandomNumber function
Tue Nov 27 15:57:34 EST 2018:com.risk.controller.GameController:getRandomNumber::inside getRandomNumber function returns0
Tue Nov 27 15:57:34 EST 2018:com.risk.controller.GameController:addArmyToTerritory::
Tue Nov 27 15:57:34 EST 2018:com.risk.controller.GameController:assignTerritories::Player1(16) has placed an army in United Arab Emigrants
Tue Nov 27 15:57:34 EST 2018:com.risk.controller.GameController:getRandomNumber::inside getRandomNumber function
Tue Nov 27 15:57:34 EST 2018:com.risk.controller.GameController:getRandomNumber::inside getRandomNumber function returns0
Tue Nov 27 15:57:34 EST 2018:com.risk.controller.GameController:addArmyToTerritory::
Tue Nov 27 15:57:34 EST 2018:com.risk.controller.GameController:assignTerritories::Player2(16) has placed an army in Yemen
Tue Nov 27 15:57:34 EST 2018:com.risk.controller.GameController:getRandomNumber::inside getRandomNumber function
Tue Nov 27 15:57:34 EST 2018:com.risk.controller.GameController:getRandomNumber::inside getRandomNumber function returns5
Tue Nov 27 15:57:34 EST 2018:com.risk.controller.GameController:addArmyToTerritory::
Tue Nov 27 15:57:34 EST 2018:com.risk.controller.GameController:assignTerritories::Player3(16) has placed an army in Thailand
Tue Nov 27 15:57:34 EST 2018:com.risk.controller.GameController:getRandomNumber::inside getRandomNumber function
Tue Nov 27 15:57:34 EST 2018:com.risk.controller.GameController:getRandomNumber::inside getRandomNumber function returns4
Tue Nov 27 15:57:34 EST 2018:com.risk.controller.GameController:addArmyToTerritory::
Tue Nov 27 15:57:34 EST 2018:com.risk.controller.GameController:assignTerritories::Player4(16) has placed an army in Iran
Tue Nov 27 15:57:34 EST 2018:com.risk.controller.GameController:getRandomNumber::inside getRandomNumber function
Tue Nov 27 15:57:34 EST 2018:com.risk.controller.GameController:getRandomNumber::inside getRandomNumber function returns0
Tue Nov 27 15:57:34 EST 2018:com.risk.controller.GameController:addArmyToTerritory::
Tue Nov 27 15:57:34 EST 2018:com.risk.controller.GameController:assignTerritories::Player5(16) has placed an army in Iraq
Tue Nov 27 15:57:34 EST 2018:com.risk.controller.GameController:getRandomNumber::inside getRandomNumber function
Tue Nov 27 15:57:34 EST 2018:com.risk.controller.GameController:getRandomNumber::inside getRandomNumber function returns2
Tue Nov 27 15:57:34 EST 2018:com.risk.controller.GameController:addArmyToTerritory::
Tue Nov 27 15:57:34 EST 2018:com.risk.controller.GameController:assignTerritories::Player1(15) has placed an army in Georgia
Tue Nov 27 15:57:34 EST 2018:com.risk.controller.GameController:getRandomNumber::inside getRandomNumber function
Tue Nov 27 15:57:34 EST 2018:com.risk.controller.GameController:getRandomNumber::inside getRandomNumber function returns0
Tue Nov 27 15:57:34 EST 2018:com.risk.controller.GameController:addArmyToTerritory::
Tue Nov 27 15:57:34 EST 2018:com.risk.controller.GameController:assignTerritories::Player2(15) has placed an army in Israel
Tue Nov 27 15:57:34 EST 2018:com.risk.controller.GameController:getRandomNumber::inside getRandomNumber function
Tue Nov 27 15:57:34 EST 2018:com.risk.controller.GameController:getRandomNumber::inside getRandomNumber function returns0
Tue Nov 27 15:57:34 EST 2018:com.risk.controller.GameController:addArmyToTerritory::
Tue Nov 27 15:57:34 EST 2018:com.risk.controller.GameController:assignTerritories::Player3(15) has placed an army in Russia
Tue Nov 27 15:57:35 EST 2018:com.risk.view.SetPlayersWindow$3:actionPerformed::Proceeding to Game Window
Tue Nov 27 15:57:35 EST 2018:com.risk.view.GameWindow:onGame::Inside onGame function
Tue Nov 27 15:57:35 EST 2018:com.risk.view.GameWindow:onGame::Add Armies Phase
Tue Nov 27 15:57:35 EST 2018:com.risk.view.GameWindow:onGame::Player4 is Human
Tue Nov 27 15:57:38 EST 2018:com.risk.controller.GameController:addArmyToTerritory::inside addArmyToTerritory function
Tue Nov 27 15:57:38 EST 2018:com.risk.controller.GameController:addArmyToTerritory::Player4(15) has placed 1 armies in Qatar
Tue Nov 27 15:57:38 EST 2018:com.risk.view.GameWindow:nextPlayer::Inside Next player function
Tue Nov 27 15:57:38 EST 2018:com.risk.view.GameWindow:onGame::Inside onGame function
Tue Nov 27 15:57:38 EST 2018:com.risk.view.GameWindow:onGame::Add Armies Phase
Tue Nov 27 15:57:38 EST 2018:com.risk.view.GameWindow:onGame::Player5 is Human
Tue Nov 27 15:57:41 EST 2018:com.risk.controller.GameController:addArmyToTerritory::inside addArmyToTerritory function
Tue Nov 27 15:57:41 EST 2018:com.risk.controller.GameController:addArmyToTerritory::Player5(15) has placed 1 armies in Vietnam
Tue Nov 27 15:57:41 EST 2018:com.risk.view.GameWindow:nextPlayer::Inside Next player function
Tue Nov 27 15:57:41 EST 2018:com.risk.view.GameWindow:onGame::Inside onGame function
Tue Nov 27 15:57:41 EST 2018:com.risk.view.GameWindow:onGame::Add Armies Phase
Tue Nov 27 15:57:41 EST 2018:com.risk.view.GameWindow:onGame::Player1 is Human
Tue Nov 27 15:57:43 EST 2018:com.risk.controller.GameController:addArmyToTerritory::inside addArmyToTerritory function
Tue Nov 27 15:57:43 EST 2018:com.risk.controller.GameController:addArmyToTerritory::Player1(14) has placed 1 armies in East Malaysia
Tue Nov 27 15:57:43 EST 2018:com.risk.view.GameWindow:nextPlayer::Inside Next player function
Tue Nov 27 15:57:43 EST 2018:com.risk.view.GameWindow:onGame::Inside onGame function
Tue Nov 27 15:57:43 EST 2018:com.risk.view.GameWindow:onGame::Add Armies Phase
Tue Nov 27 15:57:43 EST 2018:com.risk.view.GameWindow:onGame::Player2 is Human
Tue Nov 27 15:57:45 EST 2018:com.risk.controller.GameController:addArmyToTerritory::inside addArmyToTerritory function
Tue Nov 27 15:57:45 EST 2018:com.risk.controller.GameController:addArmyToTerritory::Player2(14) has placed 1 armies in Yemen
Tue Nov 27 15:57:45 EST 2018:com.risk.view.GameWindow:nextPlayer::Inside Next player function
Tue Nov 27 15:57:45 EST 2018:com.risk.view.GameWindow:onGame::Inside onGame function
Tue Nov 27 15:57:45 EST 2018:com.risk.view.GameWindow:onGame::Add Armies Phase
Tue Nov 27 15:57:45 EST 2018:com.risk.view.GameWindow:onGame::Player3 is Human
Tue Nov 27 15:57:48 EST 2018:com.risk.controller.GameController:addArmyToTerritory::inside addArmyToTerritory function
Tue Nov 27 15:57:48 EST 2018:com.risk.controller.GameController:addArmyToTerritory::Player3(14) has placed 1 armies in Brunei
Tue Nov 27 15:57:48 EST 2018:com.risk.view.GameWindow:nextPlayer::Inside Next player function
Tue Nov 27 15:57:48 EST 2018:com.risk.view.GameWindow:onGame::Inside onGame function
Tue Nov 27 15:57:48 EST 2018:com.risk.view.GameWindow:onGame::Add Armies Phase
Tue Nov 27 15:57:48 EST 2018:com.risk.view.GameWindow:onGame::Player4 is Human
Tue Nov 27 15:57:50 EST 2018:com.risk.controller.GameController:addArmyToTerritory::inside addArmyToTerritory function
Tue Nov 27 15:57:50 EST 2018:com.risk.controller.GameController:addArmyToTerritory::Player4(14) has placed 1 armies in Iran
Tue Nov 27 15:57:50 EST 2018:com.risk.view.GameWindow:nextPlayer::Inside Next player function
Tue Nov 27 15:57:50 EST 2018:com.risk.view.GameWindow:onGame::Inside onGame function
Tue Nov 27 15:57:50 EST 2018:com.risk.view.GameWindow:onGame::Add Armies Phase
Tue Nov 27 15:57:50 EST 2018:com.risk.view.GameWindow:onGame::Player5 is Human
Tue Nov 27 15:57:53 EST 2018:com.risk.controller.GameController:addArmyToTerritory::inside addArmyToTerritory function
Tue Nov 27 15:57:53 EST 2018:com.risk.controller.GameController:addArmyToTerritory::Player5(14) has placed 1 armies in Iraq
Tue Nov 27 15:57:53 EST 2018:com.risk.view.GameWindow:nextPlayer::Inside Next player function
Tue Nov 27 15:57:53 EST 2018:com.risk.view.GameWindow:onGame::Inside onGame function
Tue Nov 27 15:57:53 EST 2018:com.risk.view.GameWindow:onGame::Add Armies Phase
Tue Nov 27 15:57:53 EST 2018:com.risk.view.GameWindow:onGame::Player1 is Human
Tue Nov 27 15:57:55 EST 2018:com.risk.controller.GameController:addArmyToTerritory::inside addArmyToTerritory function
Tue Nov 27 15:57:55 EST 2018:com.risk.controller.GameController:addArmyToTerritory::Player1(13) has placed 1 armies in United Arab Emigrants
Tue Nov 27 15:57:55 EST 2018:com.risk.view.GameWindow:nextPlayer::Inside Next player function
Tue Nov 27 15:57:55 EST 2018:com.risk.view.GameWindow:onGame::Inside onGame function
Tue Nov 27 15:57:55 EST 2018:com.risk.view.GameWindow:onGame::Add Armies Phase
Tue Nov 27 15:57:55 EST 2018:com.risk.view.GameWindow:onGame::Player2 is Human
Tue Nov 27 15:57:57 EST 2018:com.risk.controller.GameController:addArmyToTerritory::inside addArmyToTerritory function
Tue Nov 27 15:57:57 EST 2018:com.risk.controller.GameController:addArmyToTerritory::Player2(13) has placed 1 armies in Turkey
Tue Nov 27 15:57:57 EST 2018:com.risk.view.GameWindow:nextPlayer::Inside Next player function
Tue Nov 27 15:57:57 EST 2018:com.risk.view.GameWindow:onGame::Inside onGame function
Tue Nov 27 15:57:57 EST 2018:com.risk.view.GameWindow:onGame::Add Armies Phase
Tue Nov 27 15:57:57 EST 2018:com.risk.view.GameWindow:onGame::Player3 is Human
Tue Nov 27 15:57:59 EST 2018:com.risk.controller.GameController:addArmyToTerritory::inside addArmyToTerritory function
Tue Nov 27 15:57:59 EST 2018:com.risk.controller.GameController:addArmyToTerritory::Player3(13) has placed 1 armies in Cyprus
Tue Nov 27 15:57:59 EST 2018:com.risk.view.GameWindow:nextPlayer::Inside Next player function
Tue Nov 27 15:57:59 EST 2018:com.risk.view.GameWindow:onGame::Inside onGame function
Tue Nov 27 15:57:59 EST 2018:com.risk.view.GameWindow:onGame::Add Armies Phase
Tue Nov 27 15:57:59 EST 2018:com.risk.view.GameWindow:onGame::Player4 is Human
Tue Nov 27 15:58:01 EST 2018:com.risk.controller.GameController:addArmyToTerritory::inside addArmyToTerritory function
Tue Nov 27 15:58:01 EST 2018:com.risk.controller.GameController:addArmyToTerritory::Player4(13) has placed 1 armies in Qatar
Tue Nov 27 15:58:01 EST 2018:com.risk.view.GameWindow:nextPlayer::Inside Next player function
Tue Nov 27 15:58:01 EST 2018:com.risk.view.GameWindow:onGame::Inside onGame function
Tue Nov 27 15:58:01 EST 2018:com.risk.view.GameWindow:onGame::Add Armies Phase
Tue Nov 27 15:58:01 EST 2018:com.risk.view.GameWindow:onGame::Player5 is Human
Tue Nov 27 15:58:04 EST 2018:com.risk.controller.GameController:addArmyToTerritory::inside addArmyToTerritory function
Tue Nov 27 15:58:04 EST 2018:com.risk.controller.GameController:addArmyToTerritory::Player5(13) has placed 1 armies in Iraq
Tue Nov 27 15:58:04 EST 2018:com.risk.view.GameWindow:nextPlayer::Inside Next player function
Tue Nov 27 15:58:04 EST 2018:com.risk.view.GameWindow:onGame::Inside onGame function
Tue Nov 27 15:58:04 EST 2018:com.risk.view.GameWindow:onGame::Add Armies Phase
Tue Nov 27 15:58:04 EST 2018:com.risk.view.GameWindow:onGame::Player1 is Human
Tue Nov 27 15:58:06 EST 2018:com.risk.controller.GameController:addArmyToTerritory::inside addArmyToTerritory function
Tue Nov 27 15:58:06 EST 2018:com.risk.controller.GameController:addArmyToTerritory::Player1(12) has placed 1 armies in United Arab Emigrants
Tue Nov 27 15:58:06 EST 2018:com.risk.view.GameWindow:nextPlayer::Inside Next player function
Tue Nov 27 15:58:06 EST 2018:com.risk.view.GameWindow:onGame::Inside onGame function
Tue Nov 27 15:58:06 EST 2018:com.risk.view.GameWindow:onGame::Add Armies Phase
Tue Nov 27 15:58:06 EST 2018:com.risk.view.GameWindow:onGame::Player2 is Human
Tue Nov 27 15:58:08 EST 2018:com.risk.controller.GameController:addArmyToTerritory::inside addArmyToTerritory function
Tue Nov 27 15:58:08 EST 2018:com.risk.controller.GameController:addArmyToTerritory::Player2(12) has placed 1 armies in South Korea
Tue Nov 27 15:58:08 EST 2018:com.risk.view.GameWindow:nextPlayer::Inside Next player function
Tue Nov 27 15:58:08 EST 2018:com.risk.view.GameWindow:onGame::Inside onGame function
Tue Nov 27 15:58:08 EST 2018:com.risk.view.GameWindow:onGame::Add Armies Phase
Tue Nov 27 15:58:08 EST 2018:com.risk.view.GameWindow:onGame::Player3 is Human
Tue Nov 27 15:58:10 EST 2018:com.risk.controller.GameController:addArmyToTerritory::inside addArmyToTerritory function
Tue Nov 27 15:58:10 EST 2018:com.risk.controller.GameController:addArmyToTerritory::Player3(12) has placed 1 armies in Thailand
Tue Nov 27 15:58:10 EST 2018:com.risk.view.GameWindow:nextPlayer::Inside Next player function
Tue Nov 27 15:58:10 EST 2018:com.risk.view.GameWindow:onGame::Inside onGame function
Tue Nov 27 15:58:10 EST 2018:com.risk.view.GameWindow:onGame::Add Armies Phase
Tue Nov 27 15:58:10 EST 2018:com.risk.view.GameWindow:onGame::Player4 is Human
Tue Nov 27 15:58:12 EST 2018:com.risk.controller.GameController:addArmyToTerritory::inside addArmyToTerritory function
Tue Nov 27 15:58:12 EST 2018:com.risk.controller.GameController:addArmyToTerritory::Player4(12) has placed 1 armies in Sri Lanka
Tue Nov 27 15:58:12 EST 2018:com.risk.view.GameWindow:nextPlayer::Inside Next player function
Tue Nov 27 15:58:12 EST 2018:com.risk.view.GameWindow:onGame::Inside onGame function
Tue Nov 27 15:58:12 EST 2018:com.risk.view.GameWindow:onGame::Add Armies Phase
Tue Nov 27 15:58:12 EST 2018:com.risk.view.GameWindow:onGame::Player5 is Human
Tue Nov 27 15:58:14 EST 2018:com.risk.controller.GameController:addArmyToTerritory::inside addArmyToTerritory function
Tue Nov 27 15:58:14 EST 2018:com.risk.controller.GameController:addArmyToTerritory::Player5(12) has placed 1 armies in Iraq
Tue Nov 27 15:58:14 EST 2018:com.risk.view.GameWindow:nextPlayer::Inside Next player function
Tue Nov 27 15:58:14 EST 2018:com.risk.view.GameWindow:onGame::Inside onGame function
Tue Nov 27 15:58:14 EST 2018:com.risk.view.GameWindow:onGame::Add Armies Phase
Tue Nov 27 15:58:14 EST 2018:com.risk.view.GameWindow:onGame::Player1 is Human
Tue Nov 27 15:58:17 EST 2018:com.risk.controller.GameController:addArmyToTerritory::inside addArmyToTerritory function
Tue Nov 27 15:58:17 EST 2018:com.risk.controller.GameController:addArmyToTerritory::Player1(11) has placed 1 armies in East Malaysia
Tue Nov 27 15:58:17 EST 2018:com.risk.view.GameWindow:nextPlayer::Inside Next player function
Tue Nov 27 15:58:17 EST 2018:com.risk.view.GameWindow:onGame::Inside onGame function
Tue Nov 27 15:58:17 EST 2018:com.risk.view.GameWindow:onGame::Add Armies Phase
Tue Nov 27 15:58:17 EST 2018:com.risk.view.GameWindow:onGame::Player2 is Human
Tue Nov 27 15:58:19 EST 2018:com.risk.controller.GameController:addArmyToTerritory::inside addArmyToTerritory function
Tue Nov 27 15:58:19 EST 2018:com.risk.controller.GameController:addArmyToTerritory::Player2(11) has placed 1 armies in Yemen
Tue Nov 27 15:58:19 EST 2018:com.risk.view.GameWindow:nextPlayer::Inside Next player function
Tue Nov 27 15:58:19 EST 2018:com.risk.view.GameWindow:onGame::Inside onGame function
Tue Nov 27 15:58:19 EST 2018:com.risk.view.GameWindow:onGame::Add Armies Phase
Tue Nov 27 15:58:19 EST 2018:com.risk.view.GameWindow:onGame::Player3 is Human
Tue Nov 27 15:58:21 EST 2018:com.risk.controller.GameController:addArmyToTerritory::inside addArmyToTerritory function
Tue Nov 27 15:58:21 EST 2018:com.risk.controller.GameController:addArmyToTerritory::Player3(11) has placed 1 armies in Thailand
Tue Nov 27 15:58:21 EST 2018:com.risk.view.GameWindow:nextPlayer::Inside Next player function
Tue Nov 27 15:58:21 EST 2018:com.risk.view.GameWindow:onGame::Inside onGame function
Tue Nov 27 15:58:21 EST 2018:com.risk.view.GameWindow:onGame::Add Armies Phase
Tue Nov 27 15:58:21 EST 2018:com.risk.view.GameWindow:onGame::Player4 is Human
Tue Nov 27 15:58:23 EST 2018:com.risk.controller.GameController:addArmyToTerritory::inside addArmyToTerritory function
Tue Nov 27 15:58:23 EST 2018:com.risk.controller.GameController:addArmyToTerritory::Player4(11) has placed 1 armies in Qatar
Tue Nov 27 15:58:23 EST 2018:com.risk.view.GameWindow:nextPlayer::Inside Next player function
Tue Nov 27 15:58:23 EST 2018:com.risk.view.GameWindow:onGame::Inside onGame function
Tue Nov 27 15:58:23 EST 2018:com.risk.view.GameWindow:onGame::Add Armies Phase
Tue Nov 27 15:58:23 EST 2018:com.risk.view.GameWindow:onGame::Player5 is Human
Tue Nov 27 15:58:25 EST 2018:com.risk.controller.GameController:addArmyToTerritory::inside addArmyToTerritory function
Tue Nov 27 15:58:25 EST 2018:com.risk.controller.GameController:addArmyToTerritory::Player5(11) has placed 1 armies in Iraq
Tue Nov 27 15:58:25 EST 2018:com.risk.view.GameWindow:nextPlayer::Inside Next player function
Tue Nov 27 15:58:25 EST 2018:com.risk.view.GameWindow:onGame::Inside onGame function
Tue Nov 27 15:58:25 EST 2018:com.risk.view.GameWindow:onGame::Add Armies Phase
Tue Nov 27 15:58:25 EST 2018:com.risk.view.GameWindow:onGame::Player1 is Human
Tue Nov 27 15:58:27 EST 2018:com.risk.controller.GameController:addArmyToTerritory::inside addArmyToTerritory function
Tue Nov 27 15:58:27 EST 2018:com.risk.controller.GameController:addArmyToTerritory::Player1(10) has placed 1 armies in East Malaysia
Tue Nov 27 15:58:27 EST 2018:com.risk.view.GameWindow:nextPlayer::Inside Next player function
Tue Nov 27 15:58:27 EST 2018:com.risk.view.GameWindow:onGame::Inside onGame function
Tue Nov 27 15:58:27 EST 2018:com.risk.view.GameWindow:onGame::Add Armies Phase
Tue Nov 27 15:58:27 EST 2018:com.risk.view.GameWindow:onGame::Player2 is Human
Tue Nov 27 15:58:29 EST 2018:com.risk.controller.GameController:addArmyToTerritory::inside addArmyToTerritory function
Tue Nov 27 15:58:29 EST 2018:com.risk.controller.GameController:addArmyToTerritory::Player2(10) has placed 1 armies in Yemen
Tue Nov 27 15:58:29 EST 2018:com.risk.view.GameWindow:nextPlayer::Inside Next player function
Tue Nov 27 15:58:29 EST 2018:com.risk.view.GameWindow:onGame::Inside onGame function
Tue Nov 27 15:58:29 EST 2018:com.risk.view.GameWindow:onGame::Add Armies Phase
Tue Nov 27 15:58:29 EST 2018:com.risk.view.GameWindow:onGame::Player3 is Human
Tue Nov 27 15:58:32 EST 2018:com.risk.controller.GameController:addArmyToTerritory::inside addArmyToTerritory function
Tue Nov 27 15:58:32 EST 2018:com.risk.controller.GameController:addArmyToTerritory::Player3(10) has placed 1 armies in Cyprus
Tue Nov 27 15:58:32 EST 2018:com.risk.view.GameWindow:nextPlayer::Inside Next player function
Tue Nov 27 15:58:32 EST 2018:com.risk.view.GameWindow:onGame::Inside onGame function
Tue Nov 27 15:58:32 EST 2018:com.risk.view.GameWindow:onGame::Add Armies Phase
Tue Nov 27 15:58:32 EST 2018:com.risk.view.GameWindow:onGame::Player4 is Human
Tue Nov 27 15:58:34 EST 2018:com.risk.controller.GameController:addArmyToTerritory::inside addArmyToTerritory function
Tue Nov 27 15:58:34 EST 2018:com.risk.controller.GameController:addArmyToTerritory::Player4(10) has placed 1 armies in Iran
Tue Nov 27 15:58:34 EST 2018:com.risk.view.GameWindow:nextPlayer::Inside Next player function
Tue Nov 27 15:58:34 EST 2018:com.risk.view.GameWindow:onGame::Inside onGame function
Tue Nov 27 15:58:34 EST 2018:com.risk.view.GameWindow:onGame::Add Armies Phase
Tue Nov 27 15:58:34 EST 2018:com.risk.view.GameWindow:onGame::Player5 is Human
Tue Nov 27 15:58:36 EST 2018:com.risk.controller.GameController:addArmyToTerritory::inside addArmyToTerritory function
Tue Nov 27 15:58:36 EST 2018:com.risk.controller.GameController:addArmyToTerritory::Player5(10) has placed 1 armies in West Malaysia
Tue Nov 27 15:58:36 EST 2018:com.risk.view.GameWindow:nextPlayer::Inside Next player function
Tue Nov 27 15:58:36 EST 2018:com.risk.view.GameWindow:onGame::Inside onGame function
Tue Nov 27 15:58:36 EST 2018:com.risk.view.GameWindow:onGame::Add Armies Phase
Tue Nov 27 15:58:36 EST 2018:com.risk.view.GameWindow:onGame::Player1 is Human
Tue Nov 27 15:58:38 EST 2018:com.risk.controller.GameController:addArmyToTerritory::inside addArmyToTerritory function
Tue Nov 27 15:58:38 EST 2018:com.risk.controller.GameController:addArmyToTerritory::Player1(9) has placed 1 armies in Kazakhstan
Tue Nov 27 15:58:38 EST 2018:com.risk.view.GameWindow:nextPlayer::Inside Next player function
Tue Nov 27 15:58:38 EST 2018:com.risk.view.GameWindow:onGame::Inside onGame function
Tue Nov 27 15:58:38 EST 2018:com.risk.view.GameWindow:onGame::Add Armies Phase
Tue Nov 27 15:58:38 EST 2018:com.risk.view.GameWindow:onGame::Player2 is Human
Tue Nov 27 15:58:40 EST 2018:com.risk.controller.GameController:addArmyToTerritory::inside addArmyToTerritory function
Tue Nov 27 15:58:40 EST 2018:com.risk.controller.GameController:addArmyToTerritory::Player2(9) has placed 1 armies in Philippines
Tue Nov 27 15:58:40 EST 2018:com.risk.view.GameWindow:nextPlayer::Inside Next player function
Tue Nov 27 15:58:40 EST 2018:com.risk.view.GameWindow:onGame::Inside onGame function
Tue Nov 27 15:58:40 EST 2018:com.risk.view.GameWindow:onGame::Add Armies Phase
Tue Nov 27 15:58:40 EST 2018:com.risk.view.GameWindow:onGame::Player3 is Human
Tue Nov 27 15:58:42 EST 2018:com.risk.controller.GameController:addArmyToTerritory::inside addArmyToTerritory function
Tue Nov 27 15:58:42 EST 2018:com.risk.controller.GameController:addArmyToTerritory::Player3(9) has placed 1 armies in Cyprus
Tue Nov 27 15:58:42 EST 2018:com.risk.view.GameWindow:nextPlayer::Inside Next player function
Tue Nov 27 15:58:42 EST 2018:com.risk.view.GameWindow:onGame::Inside onGame function
Tue Nov 27 15:58:42 EST 2018:com.risk.view.GameWindow:onGame::Add Armies Phase
Tue Nov 27 15:58:42 EST 2018:com.risk.view.GameWindow:onGame::Player4 is Human
Tue Nov 27 15:58:44 EST 2018:com.risk.controller.GameController:addArmyToTerritory::inside addArmyToTerritory function
Tue Nov 27 15:58:44 EST 2018:com.risk.controller.GameController:addArmyToTerritory::Player4(9) has placed 1 armies in Sri Lanka
Tue Nov 27 15:58:44 EST 2018:com.risk.view.GameWindow:nextPlayer::Inside Next player function
Tue Nov 27 15:58:44 EST 2018:com.risk.view.GameWindow:onGame::Inside onGame function
Tue Nov 27 15:58:44 EST 2018:com.risk.view.GameWindow:onGame::Add Armies Phase
Tue Nov 27 15:58:44 EST 2018:com.risk.view.GameWindow:onGame::Player5 is Human
Tue Nov 27 15:58:46 EST 2018:com.risk.controller.GameController:addArmyToTerritory::inside addArmyToTerritory function
Tue Nov 27 15:58:46 EST 2018:com.risk.controller.GameController:addArmyToTerritory::Player5(9) has placed 1 armies in West Malaysia
Tue Nov 27 15:58:46 EST 2018:com.risk.view.GameWindow:nextPlayer::Inside Next player function
Tue Nov 27 15:58:46 EST 2018:com.risk.view.GameWindow:onGame::Inside onGame function
Tue Nov 27 15:58:46 EST 2018:com.risk.view.GameWindow:onGame::Add Armies Phase
Tue Nov 27 15:58:46 EST 2018:com.risk.view.GameWindow:onGame::Player1 is Human
Tue Nov 27 15:58:48 EST 2018:com.risk.controller.GameController:addArmyToTerritory::inside addArmyToTerritory function
Tue Nov 27 15:58:48 EST 2018:com.risk.controller.GameController:addArmyToTerritory::Player1(8) has placed 1 armies in United Arab Emigrants
Tue Nov 27 15:58:48 EST 2018:com.risk.view.GameWindow:nextPlayer::Inside Next player function
Tue Nov 27 15:58:48 EST 2018:com.risk.view.GameWindow:onGame::Inside onGame function
Tue Nov 27 15:58:48 EST 2018:com.risk.view.GameWindow:onGame::Add Armies Phase
Tue Nov 27 15:58:48 EST 2018:com.risk.view.GameWindow:onGame::Player2 is Human
Tue Nov 27 15:58:50 EST 2018:com.risk.controller.GameController:addArmyToTerritory::inside addArmyToTerritory function
Tue Nov 27 15:58:50 EST 2018:com.risk.controller.GameController:addArmyToTerritory::Player2(8) has placed 1 armies in Yemen
Tue Nov 27 15:58:50 EST 2018:com.risk.view.GameWindow:nextPlayer::Inside Next player function
Tue Nov 27 15:58:50 EST 2018:com.risk.view.GameWindow:onGame::Inside onGame function
Tue Nov 27 15:58:50 EST 2018:com.risk.view.GameWindow:onGame::Add Armies Phase
Tue Nov 27 15:58:50 EST 2018:com.risk.view.GameWindow:onGame::Player3 is Human
Tue Nov 27 15:58:52 EST 2018:com.risk.controller.GameController:addArmyToTerritory::inside addArmyToTerritory function
Tue Nov 27 15:58:52 EST 2018:com.risk.controller.GameController:addArmyToTerritory::Player3(8) has placed 1 armies in Cyprus
Tue Nov 27 15:58:52 EST 2018:com.risk.view.GameWindow:nextPlayer::Inside Next player function
Tue Nov 27 15:58:52 EST 2018:com.risk.view.GameWindow:onGame::Inside onGame function
Tue Nov 27 15:58:52 EST 2018:com.risk.view.GameWindow:onGame::Add Armies Phase
Tue Nov 27 15:58:52 EST 2018:com.risk.view.GameWindow:onGame::Player4 is Human
Tue Nov 27 15:58:54 EST 2018:com.risk.controller.GameController:addArmyToTerritory::inside addArmyToTerritory function
Tue Nov 27 15:58:54 EST 2018:com.risk.controller.GameController:addArmyToTerritory::Player4(8) has placed 1 armies in Sri Lanka
Tue Nov 27 15:58:54 EST 2018:com.risk.view.GameWindow:nextPlayer::Inside Next player function
Tue Nov 27 15:58:54 EST 2018:com.risk.view.GameWindow:onGame::Inside onGame function
Tue Nov 27 15:58:54 EST 2018:com.risk.view.GameWindow:onGame::Add Armies Phase
Tue Nov 27 15:58:54 EST 2018:com.risk.view.GameWindow:onGame::Player5 is Human
Tue Nov 27 15:58:56 EST 2018:com.risk.controller.GameController:addArmyToTerritory::inside addArmyToTerritory function
Tue Nov 27 15:58:56 EST 2018:com.risk.controller.GameController:addArmyToTerritory::Player5(8) has placed 1 armies in West Malaysia
Tue Nov 27 15:58:56 EST 2018:com.risk.view.GameWindow:nextPlayer::Inside Next player function
Tue Nov 27 15:58:56 EST 2018:com.risk.view.GameWindow:onGame::Inside onGame function
Tue Nov 27 15:58:56 EST 2018:com.risk.view.GameWindow:onGame::Add Armies Phase
Tue Nov 27 15:58:56 EST 2018:com.risk.view.GameWindow:onGame::Player1 is Human
Tue Nov 27 15:58:58 EST 2018:com.risk.controller.GameController:addArmyToTerritory::inside addArmyToTerritory function
Tue Nov 27 15:58:58 EST 2018:com.risk.controller.GameController:addArmyToTerritory::Player1(7) has placed 1 armies in Kazakhstan
Tue Nov 27 15:58:58 EST 2018:com.risk.view.GameWindow:nextPlayer::Inside Next player function
Tue Nov 27 15:58:58 EST 2018:com.risk.view.GameWindow:onGame::Inside onGame function
Tue Nov 27 15:58:58 EST 2018:com.risk.view.GameWindow:onGame::Add Armies Phase
Tue Nov 27 15:58:58 EST 2018:com.risk.view.GameWindow:onGame::Player2 is Human
Tue Nov 27 15:59:00 EST 2018:com.risk.controller.GameController:addArmyToTerritory::inside addArmyToTerritory function
Tue Nov 27 15:59:00 EST 2018:com.risk.controller.GameController:addArmyToTerritory::Player2(7) has placed 1 armies in Philippines
Tue Nov 27 15:59:00 EST 2018:com.risk.view.GameWindow:nextPlayer::Inside Next player function
Tue Nov 27 15:59:00 EST 2018:com.risk.view.GameWindow:onGame::Inside onGame function
Tue Nov 27 15:59:00 EST 2018:com.risk.view.GameWindow:onGame::Add Armies Phase
Tue Nov 27 15:59:00 EST 2018:com.risk.view.GameWindow:onGame::Player3 is Human
Tue Nov 27 15:59:02 EST 2018:com.risk.controller.GameController:addArmyToTerritory::inside addArmyToTerritory function
Tue Nov 27 15:59:02 EST 2018:com.risk.controller.GameController:addArmyToTerritory::Player3(7) has placed 1 armies in Afghanistan
Tue Nov 27 15:59:02 EST 2018:com.risk.view.GameWindow:nextPlayer::Inside Next player function
Tue Nov 27 15:59:02 EST 2018:com.risk.view.GameWindow:onGame::Inside onGame function
Tue Nov 27 15:59:02 EST 2018:com.risk.view.GameWindow:onGame::Add Armies Phase
Tue Nov 27 15:59:02 EST 2018:com.risk.view.GameWindow:onGame::Player4 is Human
Tue Nov 27 15:59:04 EST 2018:com.risk.controller.GameController:addArmyToTerritory::inside addArmyToTerritory function
Tue Nov 27 15:59:04 EST 2018:com.risk.controller.GameController:addArmyToTerritory::Player4(7) has placed 1 armies in Qatar
Tue Nov 27 15:59:04 EST 2018:com.risk.view.GameWindow:nextPlayer::Inside Next player function
Tue Nov 27 15:59:04 EST 2018:com.risk.view.GameWindow:onGame::Inside onGame function
Tue Nov 27 15:59:04 EST 2018:com.risk.view.GameWindow:onGame::Add Armies Phase
Tue Nov 27 15:59:04 EST 2018:com.risk.view.GameWindow:onGame::Player5 is Human
Tue Nov 27 15:59:06 EST 2018:com.risk.controller.GameController:addArmyToTerritory::inside addArmyToTerritory function
Tue Nov 27 15:59:06 EST 2018:com.risk.controller.GameController:addArmyToTerritory::Player5(7) has placed 1 armies in Iraq
Tue Nov 27 15:59:06 EST 2018:com.risk.view.GameWindow:nextPlayer::Inside Next player function
Tue Nov 27 15:59:06 EST 2018:com.risk.view.GameWindow:onGame::Inside onGame function
Tue Nov 27 15:59:06 EST 2018:com.risk.view.GameWindow:onGame::Add Armies Phase
Tue Nov 27 15:59:06 EST 2018:com.risk.view.GameWindow:onGame::Player1 is Human
Tue Nov 27 15:59:08 EST 2018:com.risk.controller.GameController:addArmyToTerritory::inside addArmyToTerritory function
Tue Nov 27 15:59:08 EST 2018:com.risk.controller.GameController:addArmyToTerritory::Player1(6) has placed 1 armies in Mongolia
Tue Nov 27 15:59:08 EST 2018:com.risk.view.GameWindow:nextPlayer::Inside Next player function
Tue Nov 27 15:59:08 EST 2018:com.risk.view.GameWindow:onGame::Inside onGame function
Tue Nov 27 15:59:08 EST 2018:com.risk.view.GameWindow:onGame::Add Armies Phase
Tue Nov 27 15:59:08 EST 2018:com.risk.view.GameWindow:onGame::Player2 is Human
Tue Nov 27 15:59:10 EST 2018:com.risk.controller.GameController:addArmyToTerritory::inside addArmyToTerritory function
Tue Nov 27 15:59:10 EST 2018:com.risk.controller.GameController:addArmyToTerritory::Player2(6) has placed 1 armies in Yemen
Tue Nov 27 15:59:10 EST 2018:com.risk.view.GameWindow:nextPlayer::Inside Next player function
Tue Nov 27 15:59:10 EST 2018:com.risk.view.GameWindow:onGame::Inside onGame function
Tue Nov 27 15:59:10 EST 2018:com.risk.view.GameWindow:onGame::Add Armies Phase
Tue Nov 27 15:59:10 EST 2018:com.risk.view.GameWindow:onGame::Player3 is Human
Tue Nov 27 15:59:12 EST 2018:com.risk.controller.GameController:addArmyToTerritory::inside addArmyToTerritory function
Tue Nov 27 15:59:12 EST 2018:com.risk.controller.GameController:addArmyToTerritory::Player3(6) has placed 1 armies in Afghanistan
Tue Nov 27 15:59:12 EST 2018:com.risk.view.GameWindow:nextPlayer::Inside Next player function
Tue Nov 27 15:59:12 EST 2018:com.risk.view.GameWindow:onGame::Inside onGame function
Tue Nov 27 15:59:12 EST 2018:com.risk.view.GameWindow:onGame::Add Armies Phase
Tue Nov 27 15:59:12 EST 2018:com.risk.view.GameWindow:onGame::Player4 is Human
Tue Nov 27 15:59:15 EST 2018:com.risk.controller.GameController:addArmyToTerritory::inside addArmyToTerritory function
Tue Nov 27 15:59:15 EST 2018:com.risk.controller.GameController:addArmyToTerritory::Player4(6) has placed 1 armies in Qatar
Tue Nov 27 15:59:15 EST 2018:com.risk.view.GameWindow:nextPlayer::Inside Next player function
Tue Nov 27 15:59:15 EST 2018:com.risk.view.GameWindow:onGame::Inside onGame function
Tue Nov 27 15:59:15 EST 2018:com.risk.view.GameWindow:onGame::Add Armies Phase
Tue Nov 27 15:59:15 EST 2018:com.risk.view.GameWindow:onGame::Player5 is Human
Tue Nov 27 15:59:17 EST 2018:com.risk.controller.GameController:addArmyToTerritory::inside addArmyToTerritory function
Tue Nov 27 15:59:17 EST 2018:com.risk.controller.GameController:addArmyToTerritory::Player5(6) has placed 1 armies in North Korea
Tue Nov 27 15:59:17 EST 2018:com.risk.view.GameWindow:nextPlayer::Inside Next player function
Tue Nov 27 15:59:17 EST 2018:com.risk.view.GameWindow:onGame::Inside onGame function
Tue Nov 27 15:59:17 EST 2018:com.risk.view.GameWindow:onGame::Add Armies Phase
Tue Nov 27 15:59:17 EST 2018:com.risk.view.GameWindow:onGame::Player1 is Human
Tue Nov 27 15:59:19 EST 2018:com.risk.controller.GameController:addArmyToTerritory::inside addArmyToTerritory function
Tue Nov 27 15:59:19 EST 2018:com.risk.controller.GameController:addArmyToTerritory::Player1(5) has placed 1 armies in Bhuntan
Tue Nov 27 15:59:19 EST 2018:com.risk.view.GameWindow:nextPlayer::Inside Next player function
Tue Nov 27 15:59:19 EST 2018:com.risk.view.GameWindow:onGame::Inside onGame function
Tue Nov 27 15:59:19 EST 2018:com.risk.view.GameWindow:onGame::Add Armies Phase
Tue Nov 27 15:59:19 EST 2018:com.risk.view.GameWindow:onGame::Player2 is Human
Tue Nov 27 15:59:21 EST 2018:com.risk.controller.GameController:addArmyToTerritory::inside addArmyToTerritory function
Tue Nov 27 15:59:21 EST 2018:com.risk.controller.GameController:addArmyToTerritory::Player2(5) has placed 1 armies in Philippines
Tue Nov 27 15:59:21 EST 2018:com.risk.view.GameWindow:nextPlayer::Inside Next player function
Tue Nov 27 15:59:21 EST 2018:com.risk.view.GameWindow:onGame::Inside onGame function
Tue Nov 27 15:59:21 EST 2018:com.risk.view.GameWindow:onGame::Add Armies Phase
Tue Nov 27 15:59:21 EST 2018:com.risk.view.GameWindow:onGame::Player3 is Human
Tue Nov 27 15:59:23 EST 2018:com.risk.controller.GameController:addArmyToTerritory::inside addArmyToTerritory function
Tue Nov 27 15:59:23 EST 2018:com.risk.controller.GameController:addArmyToTerritory::Player3(5) has placed 1 armies in Cyprus
Tue Nov 27 15:59:23 EST 2018:com.risk.view.GameWindow:nextPlayer::Inside Next player function
Tue Nov 27 15:59:23 EST 2018:com.risk.view.GameWindow:onGame::Inside onGame function
Tue Nov 27 15:59:23 EST 2018:com.risk.view.GameWindow:onGame::Add Armies Phase
Tue Nov 27 15:59:23 EST 2018:com.risk.view.GameWindow:onGame::Player4 is Human
Tue Nov 27 15:59:26 EST 2018:com.risk.controller.GameController:addArmyToTerritory::inside addArmyToTerritory function
Tue Nov 27 15:59:26 EST 2018:com.risk.controller.GameController:addArmyToTerritory::Player4(5) has placed 1 armies in Sri Lanka
Tue Nov 27 15:59:26 EST 2018:com.risk.view.GameWindow:nextPlayer::Inside Next player function
Tue Nov 27 15:59:26 EST 2018:com.risk.view.GameWindow:onGame::Inside onGame function
Tue Nov 27 15:59:26 EST 2018:com.risk.view.GameWindow:onGame::Add Armies Phase
Tue Nov 27 15:59:26 EST 2018:com.risk.view.GameWindow:onGame::Player5 is Human
Tue Nov 27 15:59:28 EST 2018:com.risk.controller.GameController:addArmyToTerritory::inside addArmyToTerritory function
Tue Nov 27 15:59:28 EST 2018:com.risk.controller.GameController:addArmyToTerritory::Player5(5) has placed 1 armies in North Korea
Tue Nov 27 15:59:28 EST 2018:com.risk.view.GameWindow:nextPlayer::Inside Next player function
Tue Nov 27 15:59:28 EST 2018:com.risk.view.GameWindow:onGame::Inside onGame function
Tue Nov 27 15:59:28 EST 2018:com.risk.view.GameWindow:onGame::Add Armies Phase
Tue Nov 27 15:59:28 EST 2018:com.risk.view.GameWindow:onGame::Player1 is Human
Tue Nov 27 15:59:30 EST 2018:com.risk.controller.GameController:addArmyToTerritory::inside addArmyToTerritory function
Tue Nov 27 15:59:30 EST 2018:com.risk.controller.GameController:addArmyToTerritory::Player1(4) has placed 1 armies in East Malaysia
Tue Nov 27 15:59:30 EST 2018:com.risk.view.GameWindow:nextPlayer::Inside Next player function
Tue Nov 27 15:59:30 EST 2018:com.risk.view.GameWindow:onGame::Inside onGame function
Tue Nov 27 15:59:30 EST 2018:com.risk.view.GameWindow:onGame::Add Armies Phase
Tue Nov 27 15:59:30 EST 2018:com.risk.view.GameWindow:onGame::Player2 is Human
Tue Nov 27 15:59:32 EST 2018:com.risk.controller.GameController:addArmyToTerritory::inside addArmyToTerritory function
Tue Nov 27 15:59:32 EST 2018:com.risk.controller.GameController:addArmyToTerritory::Player2(4) has placed 1 armies in Philippines
Tue Nov 27 15:59:32 EST 2018:com.risk.view.GameWindow:nextPlayer::Inside Next player function
Tue Nov 27 15:59:32 EST 2018:com.risk.view.GameWindow:onGame::Inside onGame function
Tue Nov 27 15:59:32 EST 2018:com.risk.view.GameWindow:onGame::Add Armies Phase
Tue Nov 27 15:59:32 EST 2018:com.risk.view.GameWindow:onGame::Player3 is Human
Tue Nov 27 15:59:35 EST 2018:com.risk.controller.GameController:addArmyToTerritory::inside addArmyToTerritory function
Tue Nov 27 15:59:35 EST 2018:com.risk.controller.GameController:addArmyToTerritory::Player3(4) has placed 1 armies in Cyprus
Tue Nov 27 15:59:35 EST 2018:com.risk.view.GameWindow:nextPlayer::Inside Next player function
Tue Nov 27 15:59:35 EST 2018:com.risk.view.GameWindow:onGame::Inside onGame function
Tue Nov 27 15:59:35 EST 2018:com.risk.view.GameWindow:onGame::Add Armies Phase
Tue Nov 27 15:59:35 EST 2018:com.risk.view.GameWindow:onGame::Player4 is Human
Tue Nov 27 15:59:37 EST 2018:com.risk.controller.GameController:addArmyToTerritory::inside addArmyToTerritory function
Tue Nov 27 15:59:37 EST 2018:com.risk.controller.GameController:addArmyToTerritory::Player4(4) has placed 1 armies in Qatar
Tue Nov 27 15:59:37 EST 2018:com.risk.view.GameWindow:nextPlayer::Inside Next player function
Tue Nov 27 15:59:37 EST 2018:com.risk.view.GameWindow:onGame::Inside onGame function
Tue Nov 27 15:59:37 EST 2018:com.risk.view.GameWindow:onGame::Add Armies Phase
Tue Nov 27 15:59:37 EST 2018:com.risk.view.GameWindow:onGame::Player5 is Human
Tue Nov 27 15:59:39 EST 2018:com.risk.controller.GameController:addArmyToTerritory::inside addArmyToTerritory function
Tue Nov 27 15:59:39 EST 2018:com.risk.controller.GameController:addArmyToTerritory::Player5(4) has placed 1 armies in Iraq
Tue Nov 27 15:59:39 EST 2018:com.risk.view.GameWindow:nextPlayer::Inside Next player function
Tue Nov 27 15:59:39 EST 2018:com.risk.view.GameWindow:onGame::Inside onGame function
Tue Nov 27 15:59:39 EST 2018:com.risk.view.GameWindow:onGame::Add Armies Phase
Tue Nov 27 15:59:39 EST 2018:com.risk.view.GameWindow:onGame::Player1 is Human
Tue Nov 27 15:59:41 EST 2018:com.risk.controller.GameController:addArmyToTerritory::inside addArmyToTerritory function
Tue Nov 27 15:59:41 EST 2018:com.risk.controller.GameController:addArmyToTerritory::Player1(3) has placed 1 armies in Georgia
Tue Nov 27 15:59:41 EST 2018:com.risk.view.GameWindow:nextPlayer::Inside Next player function
Tue Nov 27 15:59:41 EST 2018:com.risk.view.GameWindow:onGame::Inside onGame function
Tue Nov 27 15:59:41 EST 2018:com.risk.view.GameWindow:onGame::Add Armies Phase
Tue Nov 27 15:59:41 EST 2018:com.risk.view.GameWindow:onGame::Player2 is Human
Tue Nov 27 15:59:43 EST 2018:com.risk.controller.GameController:addArmyToTerritory::inside addArmyToTerritory function
Tue Nov 27 15:59:43 EST 2018:com.risk.controller.GameController:addArmyToTerritory::Player2(3) has placed 1 armies in Yemen
Tue Nov 27 15:59:43 EST 2018:com.risk.view.GameWindow:nextPlayer::Inside Next player function
Tue Nov 27 15:59:43 EST 2018:com.risk.view.GameWindow:onGame::Inside onGame function
Tue Nov 27 15:59:43 EST 2018:com.risk.view.GameWindow:onGame::Add Armies Phase
Tue Nov 27 15:59:43 EST 2018:com.risk.view.GameWindow:onGame::Player3 is Human
Tue Nov 27 15:59:45 EST 2018:com.risk.controller.GameController:addArmyToTerritory::inside addArmyToTerritory function
Tue Nov 27 15:59:45 EST 2018:com.risk.controller.GameController:addArmyToTerritory::Player3(3) has placed 1 armies in Thailand
Tue Nov 27 15:59:45 EST 2018:com.risk.view.GameWindow:nextPlayer::Inside Next player function
Tue Nov 27 15:59:45 EST 2018:com.risk.view.GameWindow:onGame::Inside onGame function
Tue Nov 27 15:59:45 EST 2018:com.risk.view.GameWindow:onGame::Add Armies Phase
Tue Nov 27 15:59:45 EST 2018:com.risk.view.GameWindow:onGame::Player4 is Human
Tue Nov 27 15:59:47 EST 2018:com.risk.controller.GameController:addArmyToTerritory::inside addArmyToTerritory function
Tue Nov 27 15:59:47 EST 2018:com.risk.controller.GameController:addArmyToTerritory::Player4(3) has placed 1 armies in Saudi Arabia
Tue Nov 27 15:59:47 EST 2018:com.risk.view.GameWindow:nextPlayer::Inside Next player function
Tue Nov 27 15:59:47 EST 2018:com.risk.view.GameWindow:onGame::Inside onGame function
Tue Nov 27 15:59:47 EST 2018:com.risk.view.GameWindow:onGame::Add Armies Phase
Tue Nov 27 15:59:47 EST 2018:com.risk.view.GameWindow:onGame::Player5 is Human
Tue Nov 27 15:59:50 EST 2018:com.risk.controller.GameController:addArmyToTerritory::inside addArmyToTerritory function
Tue Nov 27 15:59:50 EST 2018:com.risk.controller.GameController:addArmyToTerritory::Player5(3) has placed 1 armies in West Malaysia
Tue Nov 27 15:59:50 EST 2018:com.risk.view.GameWindow:nextPlayer::Inside Next player function
Tue Nov 27 15:59:50 EST 2018:com.risk.view.GameWindow:onGame::Inside onGame function
Tue Nov 27 15:59:50 EST 2018:com.risk.view.GameWindow:onGame::Add Armies Phase
Tue Nov 27 15:59:50 EST 2018:com.risk.view.GameWindow:onGame::Player1 is Human
Tue Nov 27 15:59:52 EST 2018:com.risk.controller.GameController:addArmyToTerritory::inside addArmyToTerritory function
Tue Nov 27 15:59:52 EST 2018:com.risk.controller.GameController:addArmyToTerritory::Player1(2) has placed 1 armies in Mongolia
Tue Nov 27 15:59:52 EST 2018:com.risk.view.GameWindow:nextPlayer::Inside Next player function
Tue Nov 27 15:59:52 EST 2018:com.risk.view.GameWindow:onGame::Inside onGame function
Tue Nov 27 15:59:52 EST 2018:com.risk.view.GameWindow:onGame::Add Armies Phase
Tue Nov 27 15:59:52 EST 2018:com.risk.view.GameWindow:onGame::Player2 is Human
Tue Nov 27 15:59:54 EST 2018:com.risk.controller.GameController:addArmyToTerritory::inside addArmyToTerritory function
Tue Nov 27 15:59:54 EST 2018:com.risk.controller.GameController:addArmyToTerritory::Player2(2) has placed 1 armies in Philippines
Tue Nov 27 15:59:54 EST 2018:com.risk.view.GameWindow:nextPlayer::Inside Next player function
Tue Nov 27 15:59:54 EST 2018:com.risk.view.GameWindow:onGame::Inside onGame function
Tue Nov 27 15:59:54 EST 2018:com.risk.view.GameWindow:onGame::Add Armies Phase
Tue Nov 27 15:59:54 EST 2018:com.risk.view.GameWindow:onGame::Player3 is Human
Tue Nov 27 15:59:58 EST 2018:com.risk.controller.GameController:addArmyToTerritory::inside addArmyToTerritory function
Tue Nov 27 15:59:58 EST 2018:com.risk.controller.GameController:addArmyToTerritory::Player3(2) has placed 1 armies in Thailand
Tue Nov 27 15:59:58 EST 2018:com.risk.view.GameWindow:nextPlayer::Inside Next player function
Tue Nov 27 15:59:58 EST 2018:com.risk.view.GameWindow:onGame::Inside onGame function
Tue Nov 27 15:59:58 EST 2018:com.risk.view.GameWindow:onGame::Add Armies Phase
Tue Nov 27 15:59:58 EST 2018:com.risk.view.GameWindow:onGame::Player4 is Human
Tue Nov 27 16:00:01 EST 2018:com.risk.controller.GameController:addArmyToTerritory::inside addArmyToTerritory function
Tue Nov 27 16:00:01 EST 2018:com.risk.controller.GameController:addArmyToTerritory::Player4(2) has placed 1 armies in Sri Lanka
Tue Nov 27 16:00:01 EST 2018:com.risk.view.GameWindow:nextPlayer::Inside Next player function
Tue Nov 27 16:00:01 EST 2018:com.risk.view.GameWindow:onGame::Inside onGame function
Tue Nov 27 16:00:01 EST 2018:com.risk.view.GameWindow:onGame::Add Armies Phase
Tue Nov 27 16:00:01 EST 2018:com.risk.view.GameWindow:onGame::Player5 is Human
Tue Nov 27 16:00:04 EST 2018:com.risk.controller.GameController:addArmyToTerritory::inside addArmyToTerritory function
Tue Nov 27 16:00:04 EST 2018:com.risk.controller.GameController:addArmyToTerritory::Player5(2) has placed 1 armies in Vietnam
Tue Nov 27 16:00:04 EST 2018:com.risk.view.GameWindow:nextPlayer::Inside Next player function
Tue Nov 27 16:00:04 EST 2018:com.risk.view.GameWindow:onGame::Inside onGame function
Tue Nov 27 16:00:04 EST 2018:com.risk.view.GameWindow:onGame::Add Armies Phase
Tue Nov 27 16:00:04 EST 2018:com.risk.view.GameWindow:onGame::Player1 is Human
Tue Nov 27 16:00:07 EST 2018:com.risk.controller.GameController:addArmyToTerritory::inside addArmyToTerritory function
Tue Nov 27 16:00:07 EST 2018:com.risk.controller.GameController:addArmyToTerritory::Player1(1) has placed 1 armies in Mongolia
Tue Nov 27 16:00:07 EST 2018:com.risk.view.GameWindow:nextPlayer::Inside Next player function
Tue Nov 27 16:00:07 EST 2018:com.risk.view.GameWindow:onGame::Inside onGame function
Tue Nov 27 16:00:07 EST 2018:com.risk.view.GameWindow:onGame::Add Armies Phase
Tue Nov 27 16:00:07 EST 2018:com.risk.view.GameWindow:onGame::Player2 is Human
Tue Nov 27 16:00:09 EST 2018:com.risk.controller.GameController:addArmyToTerritory::inside addArmyToTerritory function
Tue Nov 27 16:00:09 EST 2018:com.risk.controller.GameController:addArmyToTerritory::Player2(1) has placed 1 armies in Turkey
Tue Nov 27 16:00:09 EST 2018:com.risk.view.GameWindow:nextPlayer::Inside Next player function
Tue Nov 27 16:00:09 EST 2018:com.risk.view.GameWindow:onGame::Inside onGame function
Tue Nov 27 16:00:09 EST 2018:com.risk.view.GameWindow:onGame::Add Armies Phase
Tue Nov 27 16:00:09 EST 2018:com.risk.view.GameWindow:onGame::Player3 is Human
Tue Nov 27 16:00:12 EST 2018:com.risk.controller.GameController:addArmyToTerritory::inside addArmyToTerritory function
Tue Nov 27 16:00:12 EST 2018:com.risk.controller.GameController:addArmyToTerritory::Player3(1) has placed 1 armies in Brunei
Tue Nov 27 16:00:12 EST 2018:com.risk.view.GameWindow:nextPlayer::Inside Next player function
Tue Nov 27 16:00:12 EST 2018:com.risk.view.GameWindow:onGame::Inside onGame function
Tue Nov 27 16:00:12 EST 2018:com.risk.view.GameWindow:onGame::Add Armies Phase
Tue Nov 27 16:00:12 EST 2018:com.risk.view.GameWindow:onGame::Player4 is Human
Tue Nov 27 16:00:14 EST 2018:com.risk.controller.GameController:addArmyToTerritory::inside addArmyToTerritory function
Tue Nov 27 16:00:14 EST 2018:com.risk.controller.GameController:addArmyToTerritory::Player4(1) has placed 1 armies in Iran
Tue Nov 27 16:00:14 EST 2018:com.risk.view.GameWindow:nextPlayer::Inside Next player function
Tue Nov 27 16:00:14 EST 2018:com.risk.view.GameWindow:onGame::Inside onGame function
Tue Nov 27 16:00:14 EST 2018:com.risk.view.GameWindow:onGame::Add Armies Phase
Tue Nov 27 16:00:14 EST 2018:com.risk.view.GameWindow:onGame::Player5 is Human
Tue Nov 27 16:00:17 EST 2018:com.risk.controller.GameController:addArmyToTerritory::inside addArmyToTerritory function
Tue Nov 27 16:00:17 EST 2018:com.risk.controller.GameController:addArmyToTerritory::Player5(1) has placed 1 armies in Iraq
Tue Nov 27 16:00:17 EST 2018:com.risk.view.GameWindow:nextPlayer::Inside Next player function
Tue Nov 27 16:00:17 EST 2018:com.risk.view.GameWindow:onGame::Inside onGame function
Tue Nov 27 16:00:17 EST 2018:com.risk.view.GameWindow:onGame::Add Armies Phase
Tue Nov 27 16:00:17 EST 2018:com.risk.view.GameWindow:onGame::Player1 is Human
Tue Nov 27 16:00:20 EST 2018:com.risk.controller.GameController:addArmyToTerritory::inside addArmyToTerritory function
Tue Nov 27 16:00:20 EST 2018:com.risk.controller.GameController:addArmyToTerritory::Player1(0) has placed 1 armies in Kazakhstan
Tue Nov 27 16:00:20 EST 2018:com.risk.controller.GameController:addArmyToTerritory::Adding Armies completed. Move to Reinforcement Phase
Tue Nov 27 16:00:20 EST 2018:com.risk.view.GameWindow:nextPlayer::Inside Next player function
Tue Nov 27 16:00:20 EST 2018:com.risk.view.GameWindow:onGame::Inside onGame function
Tue Nov 27 16:00:20 EST 2018:com.risk.view.GameWindow:onGame::Add Armies Phase
Tue Nov 27 16:00:20 EST 2018:com.risk.view.GameWindow:onGame::Player2 is Human
Tue Nov 27 16:00:22 EST 2018:com.risk.controller.GameController:addArmyToTerritory::inside addArmyToTerritory function
Tue Nov 27 16:00:22 EST 2018:com.risk.controller.GameController:addArmyToTerritory::Player2(0) has placed 1 armies in Yemen
Tue Nov 27 16:00:22 EST 2018:com.risk.controller.GameController:addArmyToTerritory::Adding Armies completed. Move to Reinforcement Phase
Tue Nov 27 16:00:22 EST 2018:com.risk.view.GameWindow:nextPlayer::Inside Next player function
Tue Nov 27 16:00:22 EST 2018:com.risk.view.GameWindow:onGame::Inside onGame function
Tue Nov 27 16:00:22 EST 2018:com.risk.view.GameWindow:onGame::Add Armies Phase
Tue Nov 27 16:00:22 EST 2018:com.risk.view.GameWindow:onGame::Player3 is Human
Tue Nov 27 16:00:25 EST 2018:com.risk.controller.GameController:addArmyToTerritory::inside addArmyToTerritory function
Tue Nov 27 16:00:25 EST 2018:com.risk.controller.GameController:addArmyToTerritory::Player3(0) has placed 1 armies in Afghanistan
Tue Nov 27 16:00:25 EST 2018:com.risk.controller.GameController:addArmyToTerritory::Adding Armies completed. Move to Reinforcement Phase
Tue Nov 27 16:00:25 EST 2018:com.risk.view.GameWindow:nextPlayer::Inside Next player function
Tue Nov 27 16:00:25 EST 2018:com.risk.view.GameWindow:onGame::Inside onGame function
Tue Nov 27 16:00:25 EST 2018:com.risk.view.GameWindow:onGame::Add Armies Phase
Tue Nov 27 16:00:25 EST 2018:com.risk.view.GameWindow:onGame::Player4 is Human
Tue Nov 27 16:00:27 EST 2018:com.risk.controller.GameController:addArmyToTerritory::inside addArmyToTerritory function
Tue Nov 27 16:00:27 EST 2018:com.risk.controller.GameController:addArmyToTerritory::Player4(0) has placed 1 armies in Iran
Tue Nov 27 16:00:27 EST 2018:com.risk.controller.GameController:addArmyToTerritory::Adding Armies completed. Move to Reinforcement Phase
Tue Nov 27 16:00:27 EST 2018:com.risk.view.GameWindow:nextPlayer::Inside Next player function
Tue Nov 27 16:00:27 EST 2018:com.risk.view.GameWindow:onGame::Inside onGame function
Tue Nov 27 16:00:27 EST 2018:com.risk.view.GameWindow:onGame::Add Armies Phase
Tue Nov 27 16:00:27 EST 2018:com.risk.view.GameWindow:onGame::Player5 is Human
Tue Nov 27 16:00:29 EST 2018:com.risk.controller.GameController:addArmyToTerritory::inside addArmyToTerritory function
Tue Nov 27 16:00:29 EST 2018:com.risk.controller.GameController:addArmyToTerritory::Player5(0) has placed 1 armies in Vietnam
Tue Nov 27 16:00:29 EST 2018:com.risk.controller.GameController:addArmyToTerritory::Adding Armies completed. Move to Reinforcement Phase
Tue Nov 27 16:00:29 EST 2018:com.risk.view.GameWindow:nextPlayer::Inside Next player function
Tue Nov 27 16:00:29 EST 2018:com.risk.view.GameWindow:onGame::Inside onGame function
Tue Nov 27 16:00:29 EST 2018:com.risk.view.GameWindow:onGame::Reinforcement Phase
Tue Nov 27 16:00:32 EST 2018:com.risk.controller.GameController:getNumReinforcements::Inside addArmyRandom function
Tue Nov 27 16:00:32 EST 2018:com.risk.controller.GameController:getNumArmiesFromContinents::
Tue Nov 27 16:00:34 EST 2018:com.risk.controller.GameController:addArmyToTerritory::inside addArmyToTerritory function
Tue Nov 27 16:00:34 EST 2018:com.risk.controller.GameController:addArmyToTerritory::Player1(2) has placed 1 armies in United Arab Emigrants
Tue Nov 27 16:00:36 EST 2018:com.risk.controller.GameController:addArmyToTerritory::inside addArmyToTerritory function
Tue Nov 27 16:00:36 EST 2018:com.risk.controller.GameController:addArmyToTerritory::Player1(1) has placed 1 armies in Bangladesh
Tue Nov 27 16:00:38 EST 2018:com.risk.controller.GameController:addArmyToTerritory::inside addArmyToTerritory function
Tue Nov 27 16:00:38 EST 2018:com.risk.controller.GameController:addArmyToTerritory::Player1(0) has placed 1 armies in Kazakhstan
Tue Nov 27 16:00:38 EST 2018:com.risk.controller.GameController:addArmyToTerritory::Adding Armies during Reinforcement completed. Move to Attack Phase
Tue Nov 27 16:00:38 EST 2018:com.risk.view.GameWindow:onGame::Inside onGame function
Tue Nov 27 16:00:38 EST 2018:com.risk.view.GameWindow:onGame::Attack Phase
Tue Nov 27 16:01:14 EST 2018:com.risk.controller.GameController:getNumAttackerArmies::
Tue Nov 27 16:01:14 EST 2018:com.risk.controller.GameController:getNumAttackerArmies::Attacker number of armies:3
Tue Nov 27 16:01:14 EST 2018:com.risk.controller.GameController:getNumAttackerArmies::
Tue Nov 27 16:01:14 EST 2018:com.risk.controller.GameController:getNumAttackerArmies::Attacker number of armies:3
Tue Nov 27 16:01:14 EST 2018:com.risk.controller.GameController:getNumOpponentArmies::
Tue Nov 27 16:01:17 EST 2018:com.risk.controller.GameController:getNumOpponentArmies::Opponent number of armies:1
Tue Nov 27 16:01:17 EST 2018:com.risk.controller.GameController:hasEnoughArmies::
Tue Nov 27 16:01:17 EST 2018:com.risk.controller.GameController:attack::
Tue Nov 27 16:01:17 EST 2018:com.risk.controller.GameController:attack::Player1 has 3 dices and the results are 
Tue Nov 27 16:01:17 EST 2018:com.risk.controller.GameController:attack::5
Tue Nov 27 16:01:17 EST 2018:com.risk.controller.GameController:attack::2
Tue Nov 27 16:01:17 EST 2018:com.risk.controller.GameController:attack::1
Tue Nov 27 16:01:17 EST 2018:com.risk.controller.GameController:attack::Player1 has 3 dices and the results are 
Tue Nov 27 16:01:17 EST 2018:com.risk.controller.GameController:attack::3
Tue Nov 27 16:01:17 EST 2018:com.risk.controller.GameController:attack::Comparing 5,3
Tue Nov 27 16:01:17 EST 2018:com.risk.controller.GameController:attack::Player4 lost an army.
Tue Nov 27 16:01:17 EST 2018:com.risk.controller.GameController:attack::Player1 has balance armies in Mongolia is 4
Tue Nov 27 16:01:17 EST 2018:com.risk.controller.GameController:attack::Player4 has balance armies in China is 0
Tue Nov 27 16:01:17 EST 2018:com.risk.controller.GameController:attack::Player1 won and balance armies 4
Tue Nov 27 16:01:17 EST 2018:com.risk.controller.GameController:updateGame::
Tue Nov 27 16:01:28 EST 2018:com.risk.controller.GameController:updateTerritoryRuler::
Tue Nov 27 16:01:28 EST 2018:com.risk.controller.GameController:updateTerritoryRuler::
Tue Nov 27 16:01:28 EST 2018:com.risk.controller.GameController:updateAddPlayerList::
Tue Nov 27 16:01:28 EST 2018:com.risk.controller.GameController:updateRemovePlayerList::
Tue Nov 27 16:01:28 EST 2018:com.risk.controller.GameController:updatePlayerList::
Tue Nov 27 16:01:28 EST 2018:com.risk.controller.GameController:isWinner::
