Tue Nov 20 22:53:20 EST 2018:com.risk.view.StartWindow$3:actionPerformed::Player clicked Start Game Button, proceeding to Game
Tue Nov 20 22:53:21 EST 2018:com.risk.view.SelectModeWindow$2:actionPerformed::Player clicked Single Game Mode Button, proceeding to Single Mode - Select Map Window
Tue Nov 20 22:53:24 EST 2018:com.risk.view.SelectMapWindow$2:actionPerformed::Hareesh's Asia.txt is selected, proceeding to Setup Player Window
Tue Nov 20 22:53:26 EST 2018:com.risk.view.SetPlayersWindow$3:actionPerformed::OK button is pressed. 2 are created.
Tue Nov 20 22:53:26 EST 2018:com.risk.controller.GameController:loadCards::
Tue Nov 20 22:53:26 EST 2018:com.risk.controller.GameController:loadCards::48 cards are loaded
Tue Nov 20 22:53:26 EST 2018:com.risk.controller.GameController:assignTerritories::
Tue Nov 20 22:53:26 EST 2018:com.risk.controller.GameController:getRandomNumber::inside getRandomNumber function
Tue Nov 20 22:53:26 EST 2018:com.risk.controller.GameController:getRandomNumber::inside getRandomNumber function returns4
Tue Nov 20 22:53:26 EST 2018:com.risk.controller.GameController:addArmyToTerritory::
Tue Nov 20 22:53:26 EST 2018:com.risk.controller.GameController:assignTerritories::Player1 has placed an army in United Arab Emigrants
Tue Nov 20 22:53:26 EST 2018:com.risk.controller.GameController:getRandomNumber::inside getRandomNumber function
Tue Nov 20 22:53:26 EST 2018:com.risk.controller.GameController:getRandomNumber::inside getRandomNumber function returns29
Tue Nov 20 22:53:26 EST 2018:com.risk.controller.GameController:addArmyToTerritory::
Tue Nov 20 22:53:26 EST 2018:com.risk.controller.GameController:assignTerritories::Player2 has placed an army in Pakistan
Tue Nov 20 22:53:26 EST 2018:com.risk.controller.GameController:getRandomNumber::inside getRandomNumber function
Tue Nov 20 22:53:26 EST 2018:com.risk.controller.GameController:getRandomNumber::inside getRandomNumber function returns0
Tue Nov 20 22:53:26 EST 2018:com.risk.controller.GameController:addArmyToTerritory::
Tue Nov 20 22:53:26 EST 2018:com.risk.controller.GameController:assignTerritories::Player1 has placed an army in Saudi Arabia
Tue Nov 20 22:53:26 EST 2018:com.risk.controller.GameController:getRandomNumber::inside getRandomNumber function
Tue Nov 20 22:53:26 EST 2018:com.risk.controller.GameController:getRandomNumber::inside getRandomNumber function returns4
Tue Nov 20 22:53:26 EST 2018:com.risk.controller.GameController:addArmyToTerritory::
Tue Nov 20 22:53:26 EST 2018:com.risk.controller.GameController:assignTerritories::Player2 has placed an army in Yemen
Tue Nov 20 22:53:26 EST 2018:com.risk.controller.GameController:getRandomNumber::inside getRandomNumber function
Tue Nov 20 22:53:26 EST 2018:com.risk.controller.GameController:getRandomNumber::inside getRandomNumber function returns40
Tue Nov 20 22:53:26 EST 2018:com.risk.controller.GameController:addArmyToTerritory::
Tue Nov 20 22:53:26 EST 2018:com.risk.controller.GameController:assignTerritories::Player1 has placed an army in Indonesia
Tue Nov 20 22:53:26 EST 2018:com.risk.controller.GameController:getRandomNumber::inside getRandomNumber function
Tue Nov 20 22:53:26 EST 2018:com.risk.controller.GameController:getRandomNumber::inside getRandomNumber function returns6
Tue Nov 20 22:53:26 EST 2018:com.risk.controller.GameController:addArmyToTerritory::
Tue Nov 20 22:53:26 EST 2018:com.risk.controller.GameController:assignTerritories::Player2 has placed an army in Syria
Tue Nov 20 22:53:26 EST 2018:com.risk.controller.GameController:getRandomNumber::inside getRandomNumber function
Tue Nov 20 22:53:26 EST 2018:com.risk.controller.GameController:getRandomNumber::inside getRandomNumber function returns38
Tue Nov 20 22:53:26 EST 2018:com.risk.controller.GameController:addArmyToTerritory::
Tue Nov 20 22:53:26 EST 2018:com.risk.controller.GameController:assignTerritories::Player1 has placed an army in Singapore
Tue Nov 20 22:53:26 EST 2018:com.risk.controller.GameController:getRandomNumber::inside getRandomNumber function
Tue Nov 20 22:53:26 EST 2018:com.risk.controller.GameController:getRandomNumber::inside getRandomNumber function returns37
Tue Nov 20 22:53:26 EST 2018:com.risk.controller.GameController:addArmyToTerritory::
Tue Nov 20 22:53:26 EST 2018:com.risk.controller.GameController:assignTerritories::Player2 has placed an army in West Malaysia
Tue Nov 20 22:53:26 EST 2018:com.risk.controller.GameController:getRandomNumber::inside getRandomNumber function
Tue Nov 20 22:53:26 EST 2018:com.risk.controller.GameController:getRandomNumber::inside getRandomNumber function returns28
Tue Nov 20 22:53:26 EST 2018:com.risk.controller.GameController:addArmyToTerritory::
Tue Nov 20 22:53:26 EST 2018:com.risk.controller.GameController:assignTerritories::Player1 has placed an army in Bhuntan
Tue Nov 20 22:53:26 EST 2018:com.risk.controller.GameController:getRandomNumber::inside getRandomNumber function
Tue Nov 20 22:53:26 EST 2018:com.risk.controller.GameController:getRandomNumber::inside getRandomNumber function returns15
Tue Nov 20 22:53:26 EST 2018:com.risk.controller.GameController:addArmyToTerritory::
Tue Nov 20 22:53:26 EST 2018:com.risk.controller.GameController:assignTerritories::Player2 has placed an army in Mongolia
Tue Nov 20 22:53:26 EST 2018:com.risk.controller.GameController:getRandomNumber::inside getRandomNumber function
Tue Nov 20 22:53:26 EST 2018:com.risk.controller.GameController:getRandomNumber::inside getRandomNumber function returns8
Tue Nov 20 22:53:26 EST 2018:com.risk.controller.GameController:addArmyToTerritory::
Tue Nov 20 22:53:26 EST 2018:com.risk.controller.GameController:assignTerritories::Player1 has placed an army in Lebanon
Tue Nov 20 22:53:26 EST 2018:com.risk.controller.GameController:getRandomNumber::inside getRandomNumber function
Tue Nov 20 22:53:26 EST 2018:com.risk.controller.GameController:getRandomNumber::inside getRandomNumber function returns11
Tue Nov 20 22:53:26 EST 2018:com.risk.controller.GameController:addArmyToTerritory::
Tue Nov 20 22:53:26 EST 2018:com.risk.controller.GameController:assignTerritories::Player2 has placed an army in North Korea
Tue Nov 20 22:53:26 EST 2018:com.risk.controller.GameController:getRandomNumber::inside getRandomNumber function
Tue Nov 20 22:53:26 EST 2018:com.risk.controller.GameController:getRandomNumber::inside getRandomNumber function returns34
Tue Nov 20 22:53:26 EST 2018:com.risk.controller.GameController:addArmyToTerritory::
Tue Nov 20 22:53:26 EST 2018:com.risk.controller.GameController:assignTerritories::Player1 has placed an army in Brunei
Tue Nov 20 22:53:26 EST 2018:com.risk.controller.GameController:getRandomNumber::inside getRandomNumber function
Tue Nov 20 22:53:26 EST 2018:com.risk.controller.GameController:getRandomNumber::inside getRandomNumber function returns16
Tue Nov 20 22:53:26 EST 2018:com.risk.controller.GameController:addArmyToTerritory::
Tue Nov 20 22:53:26 EST 2018:com.risk.controller.GameController:assignTerritories::Player2 has placed an army in Azerbaijan
Tue Nov 20 22:53:26 EST 2018:com.risk.controller.GameController:getRandomNumber::inside getRandomNumber function
Tue Nov 20 22:53:26 EST 2018:com.risk.controller.GameController:getRandomNumber::inside getRandomNumber function returns0
Tue Nov 20 22:53:26 EST 2018:com.risk.controller.GameController:addArmyToTerritory::
Tue Nov 20 22:53:26 EST 2018:com.risk.controller.GameController:assignTerritories::Player1 has placed an army in Kuwait
Tue Nov 20 22:53:26 EST 2018:com.risk.controller.GameController:getRandomNumber::inside getRandomNumber function
Tue Nov 20 22:53:26 EST 2018:com.risk.controller.GameController:getRandomNumber::inside getRandomNumber function returns1
Tue Nov 20 22:53:26 EST 2018:com.risk.controller.GameController:addArmyToTerritory::
Tue Nov 20 22:53:26 EST 2018:com.risk.controller.GameController:assignTerritories::Player2 has placed an army in Qatar
Tue Nov 20 22:53:26 EST 2018:com.risk.controller.GameController:getRandomNumber::inside getRandomNumber function
Tue Nov 20 22:53:26 EST 2018:com.risk.controller.GameController:getRandomNumber::inside getRandomNumber function returns17
Tue Nov 20 22:53:26 EST 2018:com.risk.controller.GameController:addArmyToTerritory::
Tue Nov 20 22:53:26 EST 2018:com.risk.controller.GameController:assignTerritories::Player1 has placed an army in Kyrgyzstan
Tue Nov 20 22:53:26 EST 2018:com.risk.controller.GameController:getRandomNumber::inside getRandomNumber function
Tue Nov 20 22:53:26 EST 2018:com.risk.controller.GameController:getRandomNumber::inside getRandomNumber function returns24
Tue Nov 20 22:53:26 EST 2018:com.risk.controller.GameController:addArmyToTerritory::
Tue Nov 20 22:53:26 EST 2018:com.risk.controller.GameController:assignTerritories::Player2 has placed an army in Myanmar
Tue Nov 20 22:53:26 EST 2018:com.risk.controller.GameController:getRandomNumber::inside getRandomNumber function
Tue Nov 20 22:53:26 EST 2018:com.risk.controller.GameController:getRandomNumber::inside getRandomNumber function returns6
Tue Nov 20 22:53:26 EST 2018:com.risk.controller.GameController:addArmyToTerritory::
Tue Nov 20 22:53:26 EST 2018:com.risk.controller.GameController:assignTerritories::Player1 has placed an army in Israel
Tue Nov 20 22:53:26 EST 2018:com.risk.controller.GameController:getRandomNumber::inside getRandomNumber function
Tue Nov 20 22:53:26 EST 2018:com.risk.controller.GameController:getRandomNumber::inside getRandomNumber function returns19
Tue Nov 20 22:53:26 EST 2018:com.risk.controller.GameController:addArmyToTerritory::
Tue Nov 20 22:53:26 EST 2018:com.risk.controller.GameController:assignTerritories::Player2 has placed an army in Nepal
Tue Nov 20 22:53:26 EST 2018:com.risk.controller.GameController:getRandomNumber::inside getRandomNumber function
Tue Nov 20 22:53:26 EST 2018:com.risk.controller.GameController:getRandomNumber::inside getRandomNumber function returns11
Tue Nov 20 22:53:26 EST 2018:com.risk.controller.GameController:addArmyToTerritory::
Tue Nov 20 22:53:26 EST 2018:com.risk.controller.GameController:assignTerritories::Player1 has placed an army in Georgia
Tue Nov 20 22:53:26 EST 2018:com.risk.controller.GameController:getRandomNumber::inside getRandomNumber function
Tue Nov 20 22:53:26 EST 2018:com.risk.controller.GameController:getRandomNumber::inside getRandomNumber function returns18
Tue Nov 20 22:53:26 EST 2018:com.risk.controller.GameController:addArmyToTerritory::
Tue Nov 20 22:53:26 EST 2018:com.risk.controller.GameController:assignTerritories::Player2 has placed an army in Bangladesh
Tue Nov 20 22:53:26 EST 2018:com.risk.controller.GameController:getRandomNumber::inside getRandomNumber function
Tue Nov 20 22:53:26 EST 2018:com.risk.controller.GameController:getRandomNumber::inside getRandomNumber function returns8
Tue Nov 20 22:53:26 EST 2018:com.risk.controller.GameController:addArmyToTerritory::
Tue Nov 20 22:53:26 EST 2018:com.risk.controller.GameController:assignTerritories::Player1 has placed an army in South Korea
Tue Nov 20 22:53:26 EST 2018:com.risk.controller.GameController:getRandomNumber::inside getRandomNumber function
Tue Nov 20 22:53:26 EST 2018:com.risk.controller.GameController:getRandomNumber::inside getRandomNumber function returns16
Tue Nov 20 22:53:26 EST 2018:com.risk.controller.GameController:addArmyToTerritory::
Tue Nov 20 22:53:26 EST 2018:com.risk.controller.GameController:assignTerritories::Player2 has placed an army in India
Tue Nov 20 22:53:26 EST 2018:com.risk.controller.GameController:getRandomNumber::inside getRandomNumber function
Tue Nov 20 22:53:26 EST 2018:com.risk.controller.GameController:getRandomNumber::inside getRandomNumber function returns5
Tue Nov 20 22:53:26 EST 2018:com.risk.controller.GameController:addArmyToTerritory::
Tue Nov 20 22:53:26 EST 2018:com.risk.controller.GameController:assignTerritories::Player1 has placed an army in Jordan
Tue Nov 20 22:53:26 EST 2018:com.risk.controller.GameController:getRandomNumber::inside getRandomNumber function
Tue Nov 20 22:53:26 EST 2018:com.risk.controller.GameController:getRandomNumber::inside getRandomNumber function returns22
Tue Nov 20 22:53:26 EST 2018:com.risk.controller.GameController:addArmyToTerritory::
Tue Nov 20 22:53:26 EST 2018:com.risk.controller.GameController:assignTerritories::Player2 has placed an army in Philippines
Tue Nov 20 22:53:26 EST 2018:com.risk.controller.GameController:getRandomNumber::inside getRandomNumber function
Tue Nov 20 22:53:26 EST 2018:com.risk.controller.GameController:getRandomNumber::inside getRandomNumber function returns9
Tue Nov 20 22:53:26 EST 2018:com.risk.controller.GameController:addArmyToTerritory::
Tue Nov 20 22:53:26 EST 2018:com.risk.controller.GameController:assignTerritories::Player1 has placed an army in Armenia
Tue Nov 20 22:53:26 EST 2018:com.risk.controller.GameController:getRandomNumber::inside getRandomNumber function
Tue Nov 20 22:53:26 EST 2018:com.risk.controller.GameController:getRandomNumber::inside getRandomNumber function returns5
Tue Nov 20 22:53:26 EST 2018:com.risk.controller.GameController:addArmyToTerritory::
Tue Nov 20 22:53:26 EST 2018:com.risk.controller.GameController:assignTerritories::Player2 has placed an army in Russia
Tue Nov 20 22:53:26 EST 2018:com.risk.controller.GameController:getRandomNumber::inside getRandomNumber function
Tue Nov 20 22:53:26 EST 2018:com.risk.controller.GameController:getRandomNumber::inside getRandomNumber function returns6
Tue Nov 20 22:53:26 EST 2018:com.risk.controller.GameController:addArmyToTerritory::
Tue Nov 20 22:53:26 EST 2018:com.risk.controller.GameController:assignTerritories::Player1 has placed an army in China
Tue Nov 20 22:53:26 EST 2018:com.risk.controller.GameController:getRandomNumber::inside getRandomNumber function
Tue Nov 20 22:53:26 EST 2018:com.risk.controller.GameController:getRandomNumber::inside getRandomNumber function returns15
Tue Nov 20 22:53:26 EST 2018:com.risk.controller.GameController:addArmyToTerritory::
Tue Nov 20 22:53:26 EST 2018:com.risk.controller.GameController:assignTerritories::Player2 has placed an army in Laos
Tue Nov 20 22:53:26 EST 2018:com.risk.controller.GameController:getRandomNumber::inside getRandomNumber function
Tue Nov 20 22:53:26 EST 2018:com.risk.controller.GameController:getRandomNumber::inside getRandomNumber function returns8
Tue Nov 20 22:53:26 EST 2018:com.risk.controller.GameController:addArmyToTerritory::
Tue Nov 20 22:53:26 EST 2018:com.risk.controller.GameController:assignTerritories::Player1 has placed an army in Turkmenistan
Tue Nov 20 22:53:26 EST 2018:com.risk.controller.GameController:getRandomNumber::inside getRandomNumber function
Tue Nov 20 22:53:26 EST 2018:com.risk.controller.GameController:getRandomNumber::inside getRandomNumber function returns1
Tue Nov 20 22:53:26 EST 2018:com.risk.controller.GameController:addArmyToTerritory::
Tue Nov 20 22:53:26 EST 2018:com.risk.controller.GameController:assignTerritories::Player2 has placed an army in Omen
Tue Nov 20 22:53:26 EST 2018:com.risk.controller.GameController:getRandomNumber::inside getRandomNumber function
Tue Nov 20 22:53:26 EST 2018:com.risk.controller.GameController:getRandomNumber::inside getRandomNumber function returns5
Tue Nov 20 22:53:26 EST 2018:com.risk.controller.GameController:addArmyToTerritory::
Tue Nov 20 22:53:26 EST 2018:com.risk.controller.GameController:assignTerritories::Player1 has placed an army in Kazakhstan
Tue Nov 20 22:53:26 EST 2018:com.risk.controller.GameController:getRandomNumber::inside getRandomNumber function
Tue Nov 20 22:53:26 EST 2018:com.risk.controller.GameController:getRandomNumber::inside getRandomNumber function returns12
Tue Nov 20 22:53:26 EST 2018:com.risk.controller.GameController:addArmyToTerritory::
Tue Nov 20 22:53:26 EST 2018:com.risk.controller.GameController:assignTerritories::Player2 has placed an army in Vietnam
Tue Nov 20 22:53:26 EST 2018:com.risk.controller.GameController:getRandomNumber::inside getRandomNumber function
Tue Nov 20 22:53:26 EST 2018:com.risk.controller.GameController:getRandomNumber::inside getRandomNumber function returns11
Tue Nov 20 22:53:26 EST 2018:com.risk.controller.GameController:addArmyToTerritory::
Tue Nov 20 22:53:26 EST 2018:com.risk.controller.GameController:assignTerritories::Player1 has placed an army in Thailand
Tue Nov 20 22:53:26 EST 2018:com.risk.controller.GameController:getRandomNumber::inside getRandomNumber function
Tue Nov 20 22:53:26 EST 2018:com.risk.controller.GameController:getRandomNumber::inside getRandomNumber function returns7
Tue Nov 20 22:53:26 EST 2018:com.risk.controller.GameController:addArmyToTerritory::
Tue Nov 20 22:53:26 EST 2018:com.risk.controller.GameController:assignTerritories::Player2 has placed an army in Tajikistan
Tue Nov 20 22:53:26 EST 2018:com.risk.controller.GameController:getRandomNumber::inside getRandomNumber function
Tue Nov 20 22:53:26 EST 2018:com.risk.controller.GameController:getRandomNumber::inside getRandomNumber function returns7
Tue Nov 20 22:53:26 EST 2018:com.risk.controller.GameController:addArmyToTerritory::
Tue Nov 20 22:53:26 EST 2018:com.risk.controller.GameController:assignTerritories::Player1 has placed an army in Afghanistan
Tue Nov 20 22:53:26 EST 2018:com.risk.controller.GameController:getRandomNumber::inside getRandomNumber function
Tue Nov 20 22:53:26 EST 2018:com.risk.controller.GameController:getRandomNumber::inside getRandomNumber function returns5
Tue Nov 20 22:53:26 EST 2018:com.risk.controller.GameController:addArmyToTerritory::
Tue Nov 20 22:53:26 EST 2018:com.risk.controller.GameController:assignTerritories::Player2 has placed an army in Iran
Tue Nov 20 22:53:26 EST 2018:com.risk.controller.GameController:getRandomNumber::inside getRandomNumber function
Tue Nov 20 22:53:26 EST 2018:com.risk.controller.GameController:getRandomNumber::inside getRandomNumber function returns5
Tue Nov 20 22:53:26 EST 2018:com.risk.controller.GameController:addArmyToTerritory::
Tue Nov 20 22:53:26 EST 2018:com.risk.controller.GameController:assignTerritories::Player1 has placed an army in Uzbekistan
Tue Nov 20 22:53:26 EST 2018:com.risk.controller.GameController:getRandomNumber::inside getRandomNumber function
Tue Nov 20 22:53:26 EST 2018:com.risk.controller.GameController:getRandomNumber::inside getRandomNumber function returns4
Tue Nov 20 22:53:26 EST 2018:com.risk.controller.GameController:addArmyToTerritory::
Tue Nov 20 22:53:26 EST 2018:com.risk.controller.GameController:assignTerritories::Player2 has placed an army in Japan
Tue Nov 20 22:53:26 EST 2018:com.risk.controller.GameController:getRandomNumber::inside getRandomNumber function
Tue Nov 20 22:53:26 EST 2018:com.risk.controller.GameController:getRandomNumber::inside getRandomNumber function returns3
Tue Nov 20 22:53:26 EST 2018:com.risk.controller.GameController:addArmyToTerritory::
Tue Nov 20 22:53:26 EST 2018:com.risk.controller.GameController:assignTerritories::Player1 has placed an army in Iraq
Tue Nov 20 22:53:26 EST 2018:com.risk.controller.GameController:getRandomNumber::inside getRandomNumber function
Tue Nov 20 22:53:26 EST 2018:com.risk.controller.GameController:getRandomNumber::inside getRandomNumber function returns0
Tue Nov 20 22:53:26 EST 2018:com.risk.controller.GameController:addArmyToTerritory::
Tue Nov 20 22:53:26 EST 2018:com.risk.controller.GameController:assignTerritories::Player2 has placed an army in Buhrain
Tue Nov 20 22:53:26 EST 2018:com.risk.controller.GameController:getRandomNumber::inside getRandomNumber function
Tue Nov 20 22:53:26 EST 2018:com.risk.controller.GameController:getRandomNumber::inside getRandomNumber function returns2
Tue Nov 20 22:53:26 EST 2018:com.risk.controller.GameController:addArmyToTerritory::
Tue Nov 20 22:53:26 EST 2018:com.risk.controller.GameController:assignTerritories::Player1 has placed an army in Sri Lanka
Tue Nov 20 22:53:26 EST 2018:com.risk.controller.GameController:getRandomNumber::inside getRandomNumber function
Tue Nov 20 22:53:26 EST 2018:com.risk.controller.GameController:getRandomNumber::inside getRandomNumber function returns0
Tue Nov 20 22:53:26 EST 2018:com.risk.controller.GameController:addArmyToTerritory::
Tue Nov 20 22:53:26 EST 2018:com.risk.controller.GameController:assignTerritories::Player2 has placed an army in Turkey
Tue Nov 20 22:53:26 EST 2018:com.risk.controller.GameController:getRandomNumber::inside getRandomNumber function
Tue Nov 20 22:53:26 EST 2018:com.risk.controller.GameController:getRandomNumber::inside getRandomNumber function returns1
Tue Nov 20 22:53:26 EST 2018:com.risk.controller.GameController:addArmyToTerritory::
Tue Nov 20 22:53:26 EST 2018:com.risk.controller.GameController:assignTerritories::Player1 has placed an army in Maldives
Tue Nov 20 22:53:26 EST 2018:com.risk.controller.GameController:getRandomNumber::inside getRandomNumber function
Tue Nov 20 22:53:26 EST 2018:com.risk.controller.GameController:getRandomNumber::inside getRandomNumber function returns2
Tue Nov 20 22:53:26 EST 2018:com.risk.controller.GameController:addArmyToTerritory::
Tue Nov 20 22:53:26 EST 2018:com.risk.controller.GameController:assignTerritories::Player2 has placed an army in East Malaysia
Tue Nov 20 22:53:26 EST 2018:com.risk.controller.GameController:getRandomNumber::inside getRandomNumber function
Tue Nov 20 22:53:26 EST 2018:com.risk.controller.GameController:getRandomNumber::inside getRandomNumber function returns0
Tue Nov 20 22:53:26 EST 2018:com.risk.controller.GameController:addArmyToTerritory::
Tue Nov 20 22:53:26 EST 2018:com.risk.controller.GameController:assignTerritories::Player1 has placed an army in Cyprus
Tue Nov 20 22:53:26 EST 2018:com.risk.controller.GameController:getRandomNumber::inside getRandomNumber function
Tue Nov 20 22:53:26 EST 2018:com.risk.controller.GameController:getRandomNumber::inside getRandomNumber function returns0
Tue Nov 20 22:53:26 EST 2018:com.risk.controller.GameController:addArmyToTerritory::
Tue Nov 20 22:53:26 EST 2018:com.risk.controller.GameController:assignTerritories::Player2 has placed an army in Cambodia
Tue Nov 20 22:53:26 EST 2018:com.risk.view.SetPlayersWindow$3:actionPerformed::Proceeding to Game Window
Tue Nov 20 22:53:26 EST 2018:com.risk.view.GameWindow:onGame::Inside onGame function
Tue Nov 20 22:53:26 EST 2018:com.risk.view.GameWindow:onGame::Add Armies Phase
Tue Nov 20 22:53:26 EST 2018:com.risk.view.GameWindow:onGame::Player1 is Human
