Tue Nov 27 15:18:51 EST 2018:com.risk.view.StartWindow$3:actionPerformed::Player clicked Start Game Button, proceeding to Game
Tue Nov 27 15:18:54 EST 2018:com.risk.view.SelectModeWindow$1:actionPerformed::Player clicked Single Game Mode Button, proceeding to Single Mode - Select Map Window
Tue Nov 27 15:19:11 EST 2018:com.risk.view.SelectMapWindow$1:actionPerformed::Hareesh's Asia.txt is selected, proceeding to Setup Player Window
Tue Nov 27 15:19:21 EST 2018:com.risk.view.SetPlayersWindow$3:actionPerformed::OK button is pressed. 2 are created.
Tue Nov 27 15:19:21 EST 2018:com.risk.controller.GameController:loadCards::
Tue Nov 27 15:19:21 EST 2018:com.risk.controller.GameController:loadCards::48 cards are loaded
Tue Nov 27 15:19:21 EST 2018:com.risk.controller.GameController:assignTerritories::
Tue Nov 27 15:19:21 EST 2018:com.risk.controller.GameController:getRandomNumber::inside getRandomNumber function
Tue Nov 27 15:19:21 EST 2018:com.risk.controller.GameController:getRandomNumber::inside getRandomNumber function returns38
Tue Nov 27 15:19:21 EST 2018:com.risk.controller.GameController:addArmyToTerritory::
Tue Nov 27 15:19:21 EST 2018:com.risk.controller.GameController:assignTerritories::Player1(39) has placed an army in Thailand
Tue Nov 27 15:19:21 EST 2018:com.risk.controller.GameController:getRandomNumber::inside getRandomNumber function
Tue Nov 27 15:19:21 EST 2018:com.risk.controller.GameController:getRandomNumber::inside getRandomNumber function returns5
Tue Nov 27 15:19:21 EST 2018:com.risk.controller.GameController:addArmyToTerritory::
Tue Nov 27 15:19:21 EST 2018:com.risk.controller.GameController:assignTerritories::Player2(39) has placed an army in Omen
Tue Nov 27 15:19:21 EST 2018:com.risk.controller.GameController:getRandomNumber::inside getRandomNumber function
Tue Nov 27 15:19:21 EST 2018:com.risk.controller.GameController:getRandomNumber::inside getRandomNumber function returns24
Tue Nov 27 15:19:21 EST 2018:com.risk.controller.GameController:addArmyToTerritory::
Tue Nov 27 15:19:21 EST 2018:com.risk.controller.GameController:assignTerritories::Player1(38) has placed an army in Turkmenistan
Tue Nov 27 15:19:21 EST 2018:com.risk.controller.GameController:getRandomNumber::inside getRandomNumber function
Tue Nov 27 15:19:21 EST 2018:com.risk.controller.GameController:getRandomNumber::inside getRandomNumber function returns20
Tue Nov 27 15:19:21 EST 2018:com.risk.controller.GameController:addArmyToTerritory::
Tue Nov 27 15:19:21 EST 2018:com.risk.controller.GameController:assignTerritories::Player2(38) has placed an army in Georgia
Tue Nov 27 15:19:21 EST 2018:com.risk.controller.GameController:getRandomNumber::inside getRandomNumber function
Tue Nov 27 15:19:21 EST 2018:com.risk.controller.GameController:getRandomNumber::inside getRandomNumber function returns5
Tue Nov 27 15:19:21 EST 2018:com.risk.controller.GameController:addArmyToTerritory::
Tue Nov 27 15:19:21 EST 2018:com.risk.controller.GameController:assignTerritories::Player1(37) has placed an army in Yemen
Tue Nov 27 15:19:21 EST 2018:com.risk.controller.GameController:getRandomNumber::inside getRandomNumber function
Tue Nov 27 15:19:21 EST 2018:com.risk.controller.GameController:getRandomNumber::inside getRandomNumber function returns3
Tue Nov 27 15:19:21 EST 2018:com.risk.controller.GameController:addArmyToTerritory::
Tue Nov 27 15:19:21 EST 2018:com.risk.controller.GameController:assignTerritories::Player2(37) has placed an army in Qatar
Tue Nov 27 15:19:21 EST 2018:com.risk.controller.GameController:getRandomNumber::inside getRandomNumber function
Tue Nov 27 15:19:21 EST 2018:com.risk.controller.GameController:getRandomNumber::inside getRandomNumber function returns10
Tue Nov 27 15:19:21 EST 2018:com.risk.controller.GameController:addArmyToTerritory::
Tue Nov 27 15:19:21 EST 2018:com.risk.controller.GameController:assignTerritories::Player1(36) has placed an army in Israel
Tue Nov 27 15:19:21 EST 2018:com.risk.controller.GameController:getRandomNumber::inside getRandomNumber function
Tue Nov 27 15:19:21 EST 2018:com.risk.controller.GameController:getRandomNumber::inside getRandomNumber function returns18
Tue Nov 27 15:19:21 EST 2018:com.risk.controller.GameController:addArmyToTerritory::
Tue Nov 27 15:19:21 EST 2018:com.risk.controller.GameController:assignTerritories::Player2(36) has placed an army in Azerbaijan
Tue Nov 27 15:19:21 EST 2018:com.risk.controller.GameController:getRandomNumber::inside getRandomNumber function
Tue Nov 27 15:19:21 EST 2018:com.risk.controller.GameController:getRandomNumber::inside getRandomNumber function returns30
Tue Nov 27 15:19:21 EST 2018:com.risk.controller.GameController:addArmyToTerritory::
Tue Nov 27 15:19:21 EST 2018:com.risk.controller.GameController:assignTerritories::Player1(35) has placed an army in Myanmar
Tue Nov 27 15:19:21 EST 2018:com.risk.controller.GameController:getRandomNumber::inside getRandomNumber function
Tue Nov 27 15:19:21 EST 2018:com.risk.controller.GameController:getRandomNumber::inside getRandomNumber function returns3
Tue Nov 27 15:19:21 EST 2018:com.risk.controller.GameController:addArmyToTerritory::
Tue Nov 27 15:19:21 EST 2018:com.risk.controller.GameController:assignTerritories::Player2(35) has placed an army in United Arab Emigrants
Tue Nov 27 15:19:21 EST 2018:com.risk.controller.GameController:getRandomNumber::inside getRandomNumber function
Tue Nov 27 15:19:21 EST 2018:com.risk.controller.GameController:getRandomNumber::inside getRandomNumber function returns22
Tue Nov 27 15:19:21 EST 2018:com.risk.controller.GameController:addArmyToTerritory::
Tue Nov 27 15:19:21 EST 2018:com.risk.controller.GameController:assignTerritories::Player1(34) has placed an army in Pakistan
Tue Nov 27 15:19:21 EST 2018:com.risk.controller.GameController:getRandomNumber::inside getRandomNumber function
Tue Nov 27 15:19:21 EST 2018:com.risk.controller.GameController:getRandomNumber::inside getRandomNumber function returns2
Tue Nov 27 15:19:21 EST 2018:com.risk.controller.GameController:addArmyToTerritory::
Tue Nov 27 15:19:21 EST 2018:com.risk.controller.GameController:assignTerritories::Player2(34) has placed an army in Buhrain
Tue Nov 27 15:19:21 EST 2018:com.risk.controller.GameController:getRandomNumber::inside getRandomNumber function
Tue Nov 27 15:19:21 EST 2018:com.risk.controller.GameController:getRandomNumber::inside getRandomNumber function returns3
Tue Nov 27 15:19:21 EST 2018:com.risk.controller.GameController:addArmyToTerritory::
Tue Nov 27 15:19:21 EST 2018:com.risk.controller.GameController:assignTerritories::Player1(33) has placed an army in Cyprus
Tue Nov 27 15:19:21 EST 2018:com.risk.controller.GameController:getRandomNumber::inside getRandomNumber function
Tue Nov 27 15:19:21 EST 2018:com.risk.controller.GameController:getRandomNumber::inside getRandomNumber function returns15
Tue Nov 27 15:19:21 EST 2018:com.risk.controller.GameController:addArmyToTerritory::
Tue Nov 27 15:19:21 EST 2018:com.risk.controller.GameController:assignTerritories::Player2(33) has placed an army in Iran
Tue Nov 27 15:19:21 EST 2018:com.risk.controller.GameController:getRandomNumber::inside getRandomNumber function
Tue Nov 27 15:19:21 EST 2018:com.risk.controller.GameController:getRandomNumber::inside getRandomNumber function returns0
Tue Nov 27 15:19:21 EST 2018:com.risk.controller.GameController:addArmyToTerritory::
Tue Nov 27 15:19:21 EST 2018:com.risk.controller.GameController:assignTerritories::Player1(32) has placed an army in Saudi Arabia
Tue Nov 27 15:19:21 EST 2018:com.risk.controller.GameController:getRandomNumber::inside getRandomNumber function
Tue Nov 27 15:19:21 EST 2018:com.risk.controller.GameController:getRandomNumber::inside getRandomNumber function returns13
Tue Nov 27 15:19:21 EST 2018:com.risk.controller.GameController:addArmyToTerritory::
Tue Nov 27 15:19:21 EST 2018:com.risk.controller.GameController:assignTerritories::Player2(32) has placed an army in Armenia
Tue Nov 27 15:19:21 EST 2018:com.risk.controller.GameController:getRandomNumber::inside getRandomNumber function
Tue Nov 27 15:19:21 EST 2018:com.risk.controller.GameController:getRandomNumber::inside getRandomNumber function returns4
Tue Nov 27 15:19:21 EST 2018:com.risk.controller.GameController:addArmyToTerritory::
Tue Nov 27 15:19:21 EST 2018:com.risk.controller.GameController:assignTerritories::Player1(31) has placed an army in Jordan
Tue Nov 27 15:19:21 EST 2018:com.risk.controller.GameController:getRandomNumber::inside getRandomNumber function
Tue Nov 27 15:19:21 EST 2018:com.risk.controller.GameController:getRandomNumber::inside getRandomNumber function returns19
Tue Nov 27 15:19:21 EST 2018:com.risk.controller.GameController:addArmyToTerritory::
Tue Nov 27 15:19:21 EST 2018:com.risk.controller.GameController:assignTerritories::Player2(31) has placed an army in Bangladesh
Tue Nov 27 15:19:21 EST 2018:com.risk.controller.GameController:getRandomNumber::inside getRandomNumber function
Tue Nov 27 15:19:21 EST 2018:com.risk.controller.GameController:getRandomNumber::inside getRandomNumber function returns27
Tue Nov 27 15:19:21 EST 2018:com.risk.controller.GameController:addArmyToTerritory::
Tue Nov 27 15:19:21 EST 2018:com.risk.controller.GameController:assignTerritories::Player1(30) has placed an army in East Malaysia
Tue Nov 27 15:19:21 EST 2018:com.risk.controller.GameController:getRandomNumber::inside getRandomNumber function
Tue Nov 27 15:19:21 EST 2018:com.risk.controller.GameController:getRandomNumber::inside getRandomNumber function returns7
Tue Nov 27 15:19:21 EST 2018:com.risk.controller.GameController:addArmyToTerritory::
Tue Nov 27 15:19:21 EST 2018:com.risk.controller.GameController:assignTerritories::Player2(30) has placed an army in North Korea
Tue Nov 27 15:19:21 EST 2018:com.risk.controller.GameController:getRandomNumber::inside getRandomNumber function
Tue Nov 27 15:19:21 EST 2018:com.risk.controller.GameController:getRandomNumber::inside getRandomNumber function returns3
Tue Nov 27 15:19:21 EST 2018:com.risk.controller.GameController:addArmyToTerritory::
Tue Nov 27 15:19:21 EST 2018:com.risk.controller.GameController:assignTerritories::Player1(29) has placed an army in Iraq
Tue Nov 27 15:19:21 EST 2018:com.risk.controller.GameController:getRandomNumber::inside getRandomNumber function
Tue Nov 27 15:19:21 EST 2018:com.risk.controller.GameController:getRandomNumber::inside getRandomNumber function returns18
Tue Nov 27 15:19:21 EST 2018:com.risk.controller.GameController:addArmyToTerritory::
Tue Nov 27 15:19:21 EST 2018:com.risk.controller.GameController:assignTerritories::Player2(29) has placed an army in Maldives
Tue Nov 27 15:19:21 EST 2018:com.risk.controller.GameController:getRandomNumber::inside getRandomNumber function
Tue Nov 27 15:19:21 EST 2018:com.risk.controller.GameController:getRandomNumber::inside getRandomNumber function returns23
Tue Nov 27 15:19:21 EST 2018:com.risk.controller.GameController:addArmyToTerritory::
Tue Nov 27 15:19:21 EST 2018:com.risk.controller.GameController:assignTerritories::Player1(28) has placed an army in Indonesia
Tue Nov 27 15:19:21 EST 2018:com.risk.controller.GameController:getRandomNumber::inside getRandomNumber function
Tue Nov 27 15:19:21 EST 2018:com.risk.controller.GameController:getRandomNumber::inside getRandomNumber function returns1
Tue Nov 27 15:19:21 EST 2018:com.risk.controller.GameController:addArmyToTerritory::
Tue Nov 27 15:19:21 EST 2018:com.risk.controller.GameController:assignTerritories::Player2(28) has placed an army in Turkey
Tue Nov 27 15:19:21 EST 2018:com.risk.controller.GameController:getRandomNumber::inside getRandomNumber function
Tue Nov 27 15:19:21 EST 2018:com.risk.controller.GameController:getRandomNumber::inside getRandomNumber function returns4
Tue Nov 27 15:19:21 EST 2018:com.risk.controller.GameController:addArmyToTerritory::
Tue Nov 27 15:19:21 EST 2018:com.risk.controller.GameController:assignTerritories::Player1(27) has placed an army in Japan
Tue Nov 27 15:19:21 EST 2018:com.risk.controller.GameController:getRandomNumber::inside getRandomNumber function
Tue Nov 27 15:19:21 EST 2018:com.risk.controller.GameController:getRandomNumber::inside getRandomNumber function returns11
Tue Nov 27 15:19:21 EST 2018:com.risk.controller.GameController:addArmyToTerritory::
Tue Nov 27 15:19:21 EST 2018:com.risk.controller.GameController:assignTerritories::Player2(27) has placed an army in Afghanistan
Tue Nov 27 15:19:21 EST 2018:com.risk.controller.GameController:getRandomNumber::inside getRandomNumber function
Tue Nov 27 15:19:21 EST 2018:com.risk.controller.GameController:getRandomNumber::inside getRandomNumber function returns14
Tue Nov 27 15:19:21 EST 2018:com.risk.controller.GameController:addArmyToTerritory::
Tue Nov 27 15:19:21 EST 2018:com.risk.controller.GameController:assignTerritories::Player1(26) has placed an army in Sri Lanka
Tue Nov 27 15:19:21 EST 2018:com.risk.controller.GameController:getRandomNumber::inside getRandomNumber function
Tue Nov 27 15:19:21 EST 2018:com.risk.controller.GameController:getRandomNumber::inside getRandomNumber function returns11
Tue Nov 27 15:19:21 EST 2018:com.risk.controller.GameController:addArmyToTerritory::
Tue Nov 27 15:19:21 EST 2018:com.risk.controller.GameController:assignTerritories::Player2(26) has placed an army in India
Tue Nov 27 15:19:21 EST 2018:com.risk.controller.GameController:getRandomNumber::inside getRandomNumber function
Tue Nov 27 15:19:21 EST 2018:com.risk.controller.GameController:getRandomNumber::inside getRandomNumber function returns12
Tue Nov 27 15:19:21 EST 2018:com.risk.controller.GameController:addArmyToTerritory::
Tue Nov 27 15:19:21 EST 2018:com.risk.controller.GameController:assignTerritories::Player1(25) has placed an army in Bhuntan
Tue Nov 27 15:19:21 EST 2018:com.risk.controller.GameController:getRandomNumber::inside getRandomNumber function
Tue Nov 27 15:19:21 EST 2018:com.risk.controller.GameController:getRandomNumber::inside getRandomNumber function returns15
Tue Nov 27 15:19:21 EST 2018:com.risk.controller.GameController:addArmyToTerritory::
Tue Nov 27 15:19:21 EST 2018:com.risk.controller.GameController:assignTerritories::Player2(25) has placed an army in West Malaysia
Tue Nov 27 15:19:21 EST 2018:com.risk.controller.GameController:getRandomNumber::inside getRandomNumber function
Tue Nov 27 15:19:21 EST 2018:com.risk.controller.GameController:getRandomNumber::inside getRandomNumber function returns15
Tue Nov 27 15:19:21 EST 2018:com.risk.controller.GameController:addArmyToTerritory::
Tue Nov 27 15:19:21 EST 2018:com.risk.controller.GameController:assignTerritories::Player1(24) has placed an army in Singapore
Tue Nov 27 15:19:21 EST 2018:com.risk.controller.GameController:getRandomNumber::inside getRandomNumber function
Tue Nov 27 15:19:21 EST 2018:com.risk.controller.GameController:getRandomNumber::inside getRandomNumber function returns0
Tue Nov 27 15:19:21 EST 2018:com.risk.controller.GameController:addArmyToTerritory::
Tue Nov 27 15:19:21 EST 2018:com.risk.controller.GameController:assignTerritories::Player2(24) has placed an army in Kuwait
Tue Nov 27 15:19:21 EST 2018:com.risk.controller.GameController:getRandomNumber::inside getRandomNumber function
Tue Nov 27 15:19:21 EST 2018:com.risk.controller.GameController:getRandomNumber::inside getRandomNumber function returns6
Tue Nov 27 15:19:21 EST 2018:com.risk.controller.GameController:addArmyToTerritory::
Tue Nov 27 15:19:21 EST 2018:com.risk.controller.GameController:assignTerritories::Player1(23) has placed an army in Kazakhstan
Tue Nov 27 15:19:21 EST 2018:com.risk.controller.GameController:getRandomNumber::inside getRandomNumber function
Tue Nov 27 15:19:21 EST 2018:com.risk.controller.GameController:getRandomNumber::inside getRandomNumber function returns2
Tue Nov 27 15:19:21 EST 2018:com.risk.controller.GameController:addArmyToTerritory::
Tue Nov 27 15:19:21 EST 2018:com.risk.controller.GameController:assignTerritories::Player2(23) has placed an army in Russia
Tue Nov 27 15:19:21 EST 2018:com.risk.controller.GameController:getRandomNumber::inside getRandomNumber function
Tue Nov 27 15:19:21 EST 2018:com.risk.controller.GameController:getRandomNumber::inside getRandomNumber function returns8
Tue Nov 27 15:19:21 EST 2018:com.risk.controller.GameController:addArmyToTerritory::
Tue Nov 27 15:19:21 EST 2018:com.risk.controller.GameController:assignTerritories::Player1(22) has placed an army in Nepal
Tue Nov 27 15:19:21 EST 2018:com.risk.controller.GameController:getRandomNumber::inside getRandomNumber function
Tue Nov 27 15:19:21 EST 2018:com.risk.controller.GameController:getRandomNumber::inside getRandomNumber function returns0
Tue Nov 27 15:19:21 EST 2018:com.risk.controller.GameController:addArmyToTerritory::
Tue Nov 27 15:19:21 EST 2018:com.risk.controller.GameController:assignTerritories::Player2(22) has placed an army in Syria
Tue Nov 27 15:19:21 EST 2018:com.risk.controller.GameController:getRandomNumber::inside getRandomNumber function
Tue Nov 27 15:19:21 EST 2018:com.risk.controller.GameController:getRandomNumber::inside getRandomNumber function returns9
Tue Nov 27 15:19:21 EST 2018:com.risk.controller.GameController:addArmyToTerritory::
Tue Nov 27 15:19:21 EST 2018:com.risk.controller.GameController:assignTerritories::Player1(21) has placed an army in Cambodia
Tue Nov 27 15:19:21 EST 2018:com.risk.controller.GameController:getRandomNumber::inside getRandomNumber function
Tue Nov 27 15:19:21 EST 2018:com.risk.controller.GameController:getRandomNumber::inside getRandomNumber function returns4
Tue Nov 27 15:19:21 EST 2018:com.risk.controller.GameController:addArmyToTerritory::
Tue Nov 27 15:19:21 EST 2018:com.risk.controller.GameController:assignTerritories::Player2(21) has placed an army in Uzbekistan
Tue Nov 27 15:19:21 EST 2018:com.risk.controller.GameController:getRandomNumber::inside getRandomNumber function
Tue Nov 27 15:19:21 EST 2018:com.risk.controller.GameController:getRandomNumber::inside getRandomNumber function returns3
Tue Nov 27 15:19:21 EST 2018:com.risk.controller.GameController:addArmyToTerritory::
Tue Nov 27 15:19:21 EST 2018:com.risk.controller.GameController:assignTerritories::Player1(20) has placed an army in Mongolia
Tue Nov 27 15:19:21 EST 2018:com.risk.controller.GameController:getRandomNumber::inside getRandomNumber function
Tue Nov 27 15:19:21 EST 2018:com.risk.controller.GameController:getRandomNumber::inside getRandomNumber function returns1
Tue Nov 27 15:19:21 EST 2018:com.risk.controller.GameController:addArmyToTerritory::
Tue Nov 27 15:19:21 EST 2018:com.risk.controller.GameController:assignTerritories::Player2(20) has placed an army in South Korea
Tue Nov 27 15:19:21 EST 2018:com.risk.controller.GameController:getRandomNumber::inside getRandomNumber function
Tue Nov 27 15:19:21 EST 2018:com.risk.controller.GameController:getRandomNumber::inside getRandomNumber function returns2
Tue Nov 27 15:19:21 EST 2018:com.risk.controller.GameController:addArmyToTerritory::
Tue Nov 27 15:19:21 EST 2018:com.risk.controller.GameController:assignTerritories::Player1(19) has placed an army in Kyrgyzstan
Tue Nov 27 15:19:21 EST 2018:com.risk.controller.GameController:getRandomNumber::inside getRandomNumber function
Tue Nov 27 15:19:21 EST 2018:com.risk.controller.GameController:getRandomNumber::inside getRandomNumber function returns1
Tue Nov 27 15:19:21 EST 2018:com.risk.controller.GameController:addArmyToTerritory::
Tue Nov 27 15:19:21 EST 2018:com.risk.controller.GameController:assignTerritories::Player2(19) has placed an army in China
Tue Nov 27 15:19:21 EST 2018:com.risk.controller.GameController:getRandomNumber::inside getRandomNumber function
Tue Nov 27 15:19:21 EST 2018:com.risk.controller.GameController:getRandomNumber::inside getRandomNumber function returns1
Tue Nov 27 15:19:21 EST 2018:com.risk.controller.GameController:addArmyToTerritory::
Tue Nov 27 15:19:21 EST 2018:com.risk.controller.GameController:assignTerritories::Player1(18) has placed an army in Tajikistan
Tue Nov 27 15:19:21 EST 2018:com.risk.controller.GameController:getRandomNumber::inside getRandomNumber function
Tue Nov 27 15:19:21 EST 2018:com.risk.controller.GameController:getRandomNumber::inside getRandomNumber function returns2
Tue Nov 27 15:19:21 EST 2018:com.risk.controller.GameController:addArmyToTerritory::
Tue Nov 27 15:19:21 EST 2018:com.risk.controller.GameController:assignTerritories::Player2(18) has placed an army in Vietnam
Tue Nov 27 15:19:21 EST 2018:com.risk.controller.GameController:getRandomNumber::inside getRandomNumber function
Tue Nov 27 15:19:21 EST 2018:com.risk.controller.GameController:getRandomNumber::inside getRandomNumber function returns1
Tue Nov 27 15:19:21 EST 2018:com.risk.controller.GameController:addArmyToTerritory::
Tue Nov 27 15:19:21 EST 2018:com.risk.controller.GameController:assignTerritories::Player1(17) has placed an army in Laos
Tue Nov 27 15:19:21 EST 2018:com.risk.controller.GameController:getRandomNumber::inside getRandomNumber function
Tue Nov 27 15:19:21 EST 2018:com.risk.controller.GameController:getRandomNumber::inside getRandomNumber function returns0
Tue Nov 27 15:19:21 EST 2018:com.risk.controller.GameController:addArmyToTerritory::
Tue Nov 27 15:19:21 EST 2018:com.risk.controller.GameController:assignTerritories::Player2(17) has placed an army in Lebanon
Tue Nov 27 15:19:21 EST 2018:com.risk.controller.GameController:getRandomNumber::inside getRandomNumber function
Tue Nov 27 15:19:21 EST 2018:com.risk.controller.GameController:getRandomNumber::inside getRandomNumber function returns0
Tue Nov 27 15:19:21 EST 2018:com.risk.controller.GameController:addArmyToTerritory::
Tue Nov 27 15:19:21 EST 2018:com.risk.controller.GameController:assignTerritories::Player1(16) has placed an army in Brunei
Tue Nov 27 15:19:21 EST 2018:com.risk.controller.GameController:getRandomNumber::inside getRandomNumber function
Tue Nov 27 15:19:21 EST 2018:com.risk.controller.GameController:getRandomNumber::inside getRandomNumber function returns0
Tue Nov 27 15:19:21 EST 2018:com.risk.controller.GameController:addArmyToTerritory::
Tue Nov 27 15:19:21 EST 2018:com.risk.controller.GameController:assignTerritories::Player2(16) has placed an army in Philippines
Tue Nov 27 15:19:22 EST 2018:com.risk.view.SetPlayersWindow$3:actionPerformed::Proceeding to Game Window
Tue Nov 27 15:19:22 EST 2018:com.risk.view.GameWindow:onGame::Inside onGame function
Tue Nov 27 15:19:22 EST 2018:com.risk.view.GameWindow:onGame::Add Armies Phase
Tue Nov 27 15:19:22 EST 2018:com.risk.view.GameWindow:onGame::Player1 is Human
Tue Nov 27 15:19:30 EST 2018:com.risk.controller.GameController:addArmyToTerritory::inside addArmyToTerritory function
Tue Nov 27 15:19:30 EST 2018:com.risk.controller.GameController:addArmyToTerritory::Player1(15) has placed 1 armies in Yemen
Tue Nov 27 15:19:30 EST 2018:com.risk.view.GameWindow:nextPlayer::Inside Next player function
Tue Nov 27 15:19:30 EST 2018:com.risk.view.GameWindow:onGame::Inside onGame function
Tue Nov 27 15:19:30 EST 2018:com.risk.view.GameWindow:onGame::Add Armies Phase
Tue Nov 27 15:19:30 EST 2018:com.risk.view.GameWindow:onGame::Player2 is Computer
Tue Nov 27 15:19:30 EST 2018:com.risk.controller.GameController:addArmyRandom::Inside addArmyRandom function
Tue Nov 27 15:19:30 EST 2018:com.risk.controller.GameController:getRandomNumber::inside getRandomNumber function
Tue Nov 27 15:19:30 EST 2018:com.risk.controller.GameController:getRandomNumber::inside getRandomNumber function returns11
Tue Nov 27 15:19:30 EST 2018:com.risk.controller.GameController:addArmyToTerritory::inside addArmyToTerritory function
Tue Nov 27 15:19:30 EST 2018:com.risk.controller.GameController:addArmyToTerritory::Player2(15) has placed 1 armies in Turkey
Tue Nov 27 15:19:30 EST 2018:com.risk.view.GameWindow:nextPlayer::Inside Next player function
Tue Nov 27 15:19:30 EST 2018:com.risk.view.GameWindow:onGame::Inside onGame function
Tue Nov 27 15:19:30 EST 2018:com.risk.view.GameWindow:onGame::Add Armies Phase
Tue Nov 27 15:19:30 EST 2018:com.risk.view.GameWindow:onGame::Player1 is Human
Tue Nov 27 15:19:33 EST 2018:com.risk.controller.GameController:addArmyToTerritory::inside addArmyToTerritory function
Tue Nov 27 15:19:33 EST 2018:com.risk.controller.GameController:addArmyToTerritory::Player1(14) has placed 1 armies in Myanmar
Tue Nov 27 15:19:33 EST 2018:com.risk.view.GameWindow:nextPlayer::Inside Next player function
Tue Nov 27 15:19:33 EST 2018:com.risk.view.GameWindow:onGame::Inside onGame function
Tue Nov 27 15:19:33 EST 2018:com.risk.view.GameWindow:onGame::Add Armies Phase
Tue Nov 27 15:19:33 EST 2018:com.risk.view.GameWindow:onGame::Player2 is Computer
Tue Nov 27 15:19:33 EST 2018:com.risk.controller.GameController:addArmyRandom::Inside addArmyRandom function
Tue Nov 27 15:19:33 EST 2018:com.risk.controller.GameController:getRandomNumber::inside getRandomNumber function
Tue Nov 27 15:19:33 EST 2018:com.risk.controller.GameController:getRandomNumber::inside getRandomNumber function returns13
Tue Nov 27 15:19:33 EST 2018:com.risk.controller.GameController:addArmyToTerritory::inside addArmyToTerritory function
Tue Nov 27 15:19:33 EST 2018:com.risk.controller.GameController:addArmyToTerritory::Player2(14) has placed 1 armies in India
Tue Nov 27 15:19:33 EST 2018:com.risk.view.GameWindow:nextPlayer::Inside Next player function
Tue Nov 27 15:19:33 EST 2018:com.risk.view.GameWindow:onGame::Inside onGame function
Tue Nov 27 15:19:33 EST 2018:com.risk.view.GameWindow:onGame::Add Armies Phase
Tue Nov 27 15:19:33 EST 2018:com.risk.view.GameWindow:onGame::Player1 is Human
Tue Nov 27 15:19:35 EST 2018:com.risk.controller.GameController:addArmyToTerritory::inside addArmyToTerritory function
Tue Nov 27 15:19:35 EST 2018:com.risk.controller.GameController:addArmyToTerritory::Player1(13) has placed 1 armies in Israel
Tue Nov 27 15:19:35 EST 2018:com.risk.view.GameWindow:nextPlayer::Inside Next player function
Tue Nov 27 15:19:35 EST 2018:com.risk.view.GameWindow:onGame::Inside onGame function
Tue Nov 27 15:19:35 EST 2018:com.risk.view.GameWindow:onGame::Add Armies Phase
Tue Nov 27 15:19:35 EST 2018:com.risk.view.GameWindow:onGame::Player2 is Computer
Tue Nov 27 15:19:35 EST 2018:com.risk.controller.GameController:addArmyRandom::Inside addArmyRandom function
Tue Nov 27 15:19:35 EST 2018:com.risk.controller.GameController:getRandomNumber::inside getRandomNumber function
Tue Nov 27 15:19:35 EST 2018:com.risk.controller.GameController:getRandomNumber::inside getRandomNumber function returns12
Tue Nov 27 15:19:35 EST 2018:com.risk.controller.GameController:addArmyToTerritory::inside addArmyToTerritory function
Tue Nov 27 15:19:35 EST 2018:com.risk.controller.GameController:addArmyToTerritory::Player2(13) has placed 1 armies in Afghanistan
Tue Nov 27 15:19:35 EST 2018:com.risk.view.GameWindow:nextPlayer::Inside Next player function
Tue Nov 27 15:19:35 EST 2018:com.risk.view.GameWindow:onGame::Inside onGame function
Tue Nov 27 15:19:35 EST 2018:com.risk.view.GameWindow:onGame::Add Armies Phase
Tue Nov 27 15:19:35 EST 2018:com.risk.view.GameWindow:onGame::Player1 is Human
Tue Nov 27 15:19:37 EST 2018:com.risk.controller.GameController:addArmyToTerritory::inside addArmyToTerritory function
Tue Nov 27 15:19:37 EST 2018:com.risk.controller.GameController:addArmyToTerritory::Player1(12) has placed 1 armies in Pakistan
Tue Nov 27 15:19:37 EST 2018:com.risk.view.GameWindow:nextPlayer::Inside Next player function
Tue Nov 27 15:19:37 EST 2018:com.risk.view.GameWindow:onGame::Inside onGame function
Tue Nov 27 15:19:37 EST 2018:com.risk.view.GameWindow:onGame::Add Armies Phase
Tue Nov 27 15:19:37 EST 2018:com.risk.view.GameWindow:onGame::Player2 is Computer
Tue Nov 27 15:19:37 EST 2018:com.risk.controller.GameController:addArmyRandom::Inside addArmyRandom function
Tue Nov 27 15:19:37 EST 2018:com.risk.controller.GameController:getRandomNumber::inside getRandomNumber function
Tue Nov 27 15:19:37 EST 2018:com.risk.controller.GameController:getRandomNumber::inside getRandomNumber function returns8
Tue Nov 27 15:19:37 EST 2018:com.risk.controller.GameController:addArmyToTerritory::inside addArmyToTerritory function
Tue Nov 27 15:19:37 EST 2018:com.risk.controller.GameController:addArmyToTerritory::Player2(12) has placed 1 armies in Bangladesh
Tue Nov 27 15:19:37 EST 2018:com.risk.view.GameWindow:nextPlayer::Inside Next player function
Tue Nov 27 15:19:37 EST 2018:com.risk.view.GameWindow:onGame::Inside onGame function
Tue Nov 27 15:19:37 EST 2018:com.risk.view.GameWindow:onGame::Add Armies Phase
Tue Nov 27 15:19:37 EST 2018:com.risk.view.GameWindow:onGame::Player1 is Human
Tue Nov 27 15:19:39 EST 2018:com.risk.controller.GameController:addArmyToTerritory::inside addArmyToTerritory function
Tue Nov 27 15:19:39 EST 2018:com.risk.controller.GameController:addArmyToTerritory::Player1(11) has placed 1 armies in Cyprus
Tue Nov 27 15:19:39 EST 2018:com.risk.view.GameWindow:nextPlayer::Inside Next player function
Tue Nov 27 15:19:39 EST 2018:com.risk.view.GameWindow:onGame::Inside onGame function
Tue Nov 27 15:19:39 EST 2018:com.risk.view.GameWindow:onGame::Add Armies Phase
Tue Nov 27 15:19:39 EST 2018:com.risk.view.GameWindow:onGame::Player2 is Computer
Tue Nov 27 15:19:39 EST 2018:com.risk.controller.GameController:addArmyRandom::Inside addArmyRandom function
Tue Nov 27 15:19:39 EST 2018:com.risk.controller.GameController:getRandomNumber::inside getRandomNumber function
Tue Nov 27 15:19:39 EST 2018:com.risk.controller.GameController:getRandomNumber::inside getRandomNumber function returns5
Tue Nov 27 15:19:39 EST 2018:com.risk.controller.GameController:addArmyToTerritory::inside addArmyToTerritory function
Tue Nov 27 15:19:39 EST 2018:com.risk.controller.GameController:addArmyToTerritory::Player2(11) has placed 1 armies in Buhrain
Tue Nov 27 15:19:39 EST 2018:com.risk.view.GameWindow:nextPlayer::Inside Next player function
Tue Nov 27 15:19:39 EST 2018:com.risk.view.GameWindow:onGame::Inside onGame function
Tue Nov 27 15:19:39 EST 2018:com.risk.view.GameWindow:onGame::Add Armies Phase
Tue Nov 27 15:19:39 EST 2018:com.risk.view.GameWindow:onGame::Player1 is Human
Tue Nov 27 15:19:42 EST 2018:com.risk.controller.GameController:addArmyToTerritory::inside addArmyToTerritory function
Tue Nov 27 15:19:42 EST 2018:com.risk.controller.GameController:addArmyToTerritory::Player1(10) has placed 1 armies in Saudi Arabia
Tue Nov 27 15:19:42 EST 2018:com.risk.view.GameWindow:nextPlayer::Inside Next player function
Tue Nov 27 15:19:42 EST 2018:com.risk.view.GameWindow:onGame::Inside onGame function
Tue Nov 27 15:19:42 EST 2018:com.risk.view.GameWindow:onGame::Add Armies Phase
Tue Nov 27 15:19:42 EST 2018:com.risk.view.GameWindow:onGame::Player2 is Computer
Tue Nov 27 15:19:42 EST 2018:com.risk.controller.GameController:addArmyRandom::Inside addArmyRandom function
Tue Nov 27 15:19:42 EST 2018:com.risk.controller.GameController:getRandomNumber::inside getRandomNumber function
Tue Nov 27 15:19:42 EST 2018:com.risk.controller.GameController:getRandomNumber::inside getRandomNumber function returns13
Tue Nov 27 15:19:42 EST 2018:com.risk.controller.GameController:addArmyToTerritory::inside addArmyToTerritory function
Tue Nov 27 15:19:42 EST 2018:com.risk.controller.GameController:addArmyToTerritory::Player2(10) has placed 1 armies in India
Tue Nov 27 15:19:42 EST 2018:com.risk.view.GameWindow:nextPlayer::Inside Next player function
Tue Nov 27 15:19:42 EST 2018:com.risk.view.GameWindow:onGame::Inside onGame function
Tue Nov 27 15:19:42 EST 2018:com.risk.view.GameWindow:onGame::Add Armies Phase
Tue Nov 27 15:19:42 EST 2018:com.risk.view.GameWindow:onGame::Player1 is Human
Tue Nov 27 15:19:46 EST 2018:com.risk.controller.GameController:addArmyToTerritory::inside addArmyToTerritory function
Tue Nov 27 15:19:46 EST 2018:com.risk.controller.GameController:addArmyToTerritory::Player1(9) has placed 1 armies in Jordan
Tue Nov 27 15:19:46 EST 2018:com.risk.view.GameWindow:nextPlayer::Inside Next player function
Tue Nov 27 15:19:46 EST 2018:com.risk.view.GameWindow:onGame::Inside onGame function
Tue Nov 27 15:19:46 EST 2018:com.risk.view.GameWindow:onGame::Add Armies Phase
Tue Nov 27 15:19:46 EST 2018:com.risk.view.GameWindow:onGame::Player2 is Computer
Tue Nov 27 15:19:46 EST 2018:com.risk.controller.GameController:addArmyRandom::Inside addArmyRandom function
Tue Nov 27 15:19:46 EST 2018:com.risk.controller.GameController:getRandomNumber::inside getRandomNumber function
Tue Nov 27 15:19:46 EST 2018:com.risk.controller.GameController:getRandomNumber::inside getRandomNumber function returns6
Tue Nov 27 15:19:46 EST 2018:com.risk.controller.GameController:addArmyToTerritory::inside addArmyToTerritory function
Tue Nov 27 15:19:46 EST 2018:com.risk.controller.GameController:addArmyToTerritory::Player2(9) has placed 1 armies in Iran
Tue Nov 27 15:19:46 EST 2018:com.risk.view.GameWindow:nextPlayer::Inside Next player function
Tue Nov 27 15:19:46 EST 2018:com.risk.view.GameWindow:onGame::Inside onGame function
Tue Nov 27 15:19:46 EST 2018:com.risk.view.GameWindow:onGame::Add Armies Phase
Tue Nov 27 15:19:46 EST 2018:com.risk.view.GameWindow:onGame::Player1 is Human
Tue Nov 27 15:19:48 EST 2018:com.risk.controller.GameController:addArmyToTerritory::inside addArmyToTerritory function
Tue Nov 27 15:19:48 EST 2018:com.risk.controller.GameController:addArmyToTerritory::Player1(8) has placed 1 armies in East Malaysia
Tue Nov 27 15:19:48 EST 2018:com.risk.view.GameWindow:nextPlayer::Inside Next player function
Tue Nov 27 15:19:48 EST 2018:com.risk.view.GameWindow:onGame::Inside onGame function
Tue Nov 27 15:19:48 EST 2018:com.risk.view.GameWindow:onGame::Add Armies Phase
Tue Nov 27 15:19:48 EST 2018:com.risk.view.GameWindow:onGame::Player2 is Computer
Tue Nov 27 15:19:48 EST 2018:com.risk.controller.GameController:addArmyRandom::Inside addArmyRandom function
Tue Nov 27 15:19:48 EST 2018:com.risk.controller.GameController:getRandomNumber::inside getRandomNumber function
Tue Nov 27 15:19:48 EST 2018:com.risk.controller.GameController:getRandomNumber::inside getRandomNumber function returns18
Tue Nov 27 15:19:48 EST 2018:com.risk.controller.GameController:addArmyToTerritory::inside addArmyToTerritory function
Tue Nov 27 15:19:48 EST 2018:com.risk.controller.GameController:addArmyToTerritory::Player2(8) has placed 1 armies in Uzbekistan
Tue Nov 27 15:19:48 EST 2018:com.risk.view.GameWindow:nextPlayer::Inside Next player function
Tue Nov 27 15:19:48 EST 2018:com.risk.view.GameWindow:onGame::Inside onGame function
Tue Nov 27 15:19:48 EST 2018:com.risk.view.GameWindow:onGame::Add Armies Phase
Tue Nov 27 15:19:48 EST 2018:com.risk.view.GameWindow:onGame::Player1 is Human
Tue Nov 27 15:19:50 EST 2018:com.risk.controller.GameController:addArmyToTerritory::inside addArmyToTerritory function
Tue Nov 27 15:19:50 EST 2018:com.risk.controller.GameController:addArmyToTerritory::Player1(7) has placed 1 armies in Myanmar
Tue Nov 27 15:19:51 EST 2018:com.risk.view.GameWindow:nextPlayer::Inside Next player function
Tue Nov 27 15:19:51 EST 2018:com.risk.view.GameWindow:onGame::Inside onGame function
Tue Nov 27 15:19:51 EST 2018:com.risk.view.GameWindow:onGame::Add Armies Phase
Tue Nov 27 15:19:51 EST 2018:com.risk.view.GameWindow:onGame::Player2 is Computer
Tue Nov 27 15:19:51 EST 2018:com.risk.controller.GameController:addArmyRandom::Inside addArmyRandom function
Tue Nov 27 15:19:51 EST 2018:com.risk.controller.GameController:getRandomNumber::inside getRandomNumber function
Tue Nov 27 15:19:51 EST 2018:com.risk.controller.GameController:getRandomNumber::inside getRandomNumber function returns23
Tue Nov 27 15:19:51 EST 2018:com.risk.controller.GameController:addArmyToTerritory::inside addArmyToTerritory function
Tue Nov 27 15:19:51 EST 2018:com.risk.controller.GameController:addArmyToTerritory::Player2(7) has placed 1 armies in Philippines
Tue Nov 27 15:19:51 EST 2018:com.risk.view.GameWindow:nextPlayer::Inside Next player function
Tue Nov 27 15:19:51 EST 2018:com.risk.view.GameWindow:onGame::Inside onGame function
Tue Nov 27 15:19:51 EST 2018:com.risk.view.GameWindow:onGame::Add Armies Phase
Tue Nov 27 15:19:51 EST 2018:com.risk.view.GameWindow:onGame::Player1 is Human
Tue Nov 27 15:19:52 EST 2018:com.risk.controller.GameController:addArmyToTerritory::inside addArmyToTerritory function
Tue Nov 27 15:19:52 EST 2018:com.risk.controller.GameController:addArmyToTerritory::Player1(6) has placed 1 armies in Cyprus
Tue Nov 27 15:19:52 EST 2018:com.risk.view.GameWindow:nextPlayer::Inside Next player function
Tue Nov 27 15:19:52 EST 2018:com.risk.view.GameWindow:onGame::Inside onGame function
Tue Nov 27 15:19:52 EST 2018:com.risk.view.GameWindow:onGame::Add Armies Phase
Tue Nov 27 15:19:52 EST 2018:com.risk.view.GameWindow:onGame::Player2 is Computer
Tue Nov 27 15:19:52 EST 2018:com.risk.controller.GameController:addArmyRandom::Inside addArmyRandom function
Tue Nov 27 15:19:52 EST 2018:com.risk.controller.GameController:getRandomNumber::inside getRandomNumber function
Tue Nov 27 15:19:52 EST 2018:com.risk.controller.GameController:getRandomNumber::inside getRandomNumber function returns14
Tue Nov 27 15:19:52 EST 2018:com.risk.controller.GameController:addArmyToTerritory::inside addArmyToTerritory function
Tue Nov 27 15:19:52 EST 2018:com.risk.controller.GameController:addArmyToTerritory::Player2(6) has placed 1 armies in West Malaysia
Tue Nov 27 15:19:53 EST 2018:com.risk.view.GameWindow:nextPlayer::Inside Next player function
Tue Nov 27 15:19:53 EST 2018:com.risk.view.GameWindow:onGame::Inside onGame function
Tue Nov 27 15:19:53 EST 2018:com.risk.view.GameWindow:onGame::Add Armies Phase
Tue Nov 27 15:19:53 EST 2018:com.risk.view.GameWindow:onGame::Player1 is Human
Tue Nov 27 15:19:54 EST 2018:com.risk.controller.GameController:addArmyToTerritory::inside addArmyToTerritory function
Tue Nov 27 15:19:54 EST 2018:com.risk.controller.GameController:addArmyToTerritory::Player1(5) has placed 1 armies in Jordan
Tue Nov 27 15:19:54 EST 2018:com.risk.view.GameWindow:nextPlayer::Inside Next player function
Tue Nov 27 15:19:54 EST 2018:com.risk.view.GameWindow:onGame::Inside onGame function
Tue Nov 27 15:19:54 EST 2018:com.risk.view.GameWindow:onGame::Add Armies Phase
Tue Nov 27 15:19:54 EST 2018:com.risk.view.GameWindow:onGame::Player2 is Computer
Tue Nov 27 15:19:54 EST 2018:com.risk.controller.GameController:addArmyRandom::Inside addArmyRandom function
Tue Nov 27 15:19:54 EST 2018:com.risk.controller.GameController:getRandomNumber::inside getRandomNumber function
Tue Nov 27 15:19:54 EST 2018:com.risk.controller.GameController:getRandomNumber::inside getRandomNumber function returns1
Tue Nov 27 15:19:54 EST 2018:com.risk.controller.GameController:addArmyToTerritory::inside addArmyToTerritory function
Tue Nov 27 15:19:54 EST 2018:com.risk.controller.GameController:addArmyToTerritory::Player2(5) has placed 1 armies in Georgia
Tue Nov 27 15:19:54 EST 2018:com.risk.view.GameWindow:nextPlayer::Inside Next player function
Tue Nov 27 15:19:54 EST 2018:com.risk.view.GameWindow:onGame::Inside onGame function
Tue Nov 27 15:19:54 EST 2018:com.risk.view.GameWindow:onGame::Add Armies Phase
Tue Nov 27 15:19:54 EST 2018:com.risk.view.GameWindow:onGame::Player1 is Human
Tue Nov 27 15:19:57 EST 2018:com.risk.controller.GameController:addArmyToTerritory::inside addArmyToTerritory function
Tue Nov 27 15:19:57 EST 2018:com.risk.controller.GameController:addArmyToTerritory::Player1(4) has placed 1 armies in Cyprus
Tue Nov 27 15:19:57 EST 2018:com.risk.view.GameWindow:nextPlayer::Inside Next player function
Tue Nov 27 15:19:57 EST 2018:com.risk.view.GameWindow:onGame::Inside onGame function
Tue Nov 27 15:19:57 EST 2018:com.risk.view.GameWindow:onGame::Add Armies Phase
Tue Nov 27 15:19:57 EST 2018:com.risk.view.GameWindow:onGame::Player2 is Computer
Tue Nov 27 15:19:57 EST 2018:com.risk.controller.GameController:addArmyRandom::Inside addArmyRandom function
Tue Nov 27 15:19:57 EST 2018:com.risk.controller.GameController:getRandomNumber::inside getRandomNumber function
Tue Nov 27 15:19:57 EST 2018:com.risk.controller.GameController:getRandomNumber::inside getRandomNumber function returns9
Tue Nov 27 15:19:57 EST 2018:com.risk.controller.GameController:addArmyToTerritory::inside addArmyToTerritory function
Tue Nov 27 15:19:57 EST 2018:com.risk.controller.GameController:addArmyToTerritory::Player2(4) has placed 1 armies in North Korea
Tue Nov 27 15:19:58 EST 2018:com.risk.view.GameWindow:nextPlayer::Inside Next player function
Tue Nov 27 15:19:58 EST 2018:com.risk.view.GameWindow:onGame::Inside onGame function
Tue Nov 27 15:19:58 EST 2018:com.risk.view.GameWindow:onGame::Add Armies Phase
Tue Nov 27 15:19:58 EST 2018:com.risk.view.GameWindow:onGame::Player1 is Human
Tue Nov 27 15:19:59 EST 2018:com.risk.controller.GameController:addArmyToTerritory::inside addArmyToTerritory function
Tue Nov 27 15:19:59 EST 2018:com.risk.controller.GameController:addArmyToTerritory::Player1(3) has placed 1 armies in Pakistan
Tue Nov 27 15:19:59 EST 2018:com.risk.view.GameWindow:nextPlayer::Inside Next player function
Tue Nov 27 15:19:59 EST 2018:com.risk.view.GameWindow:onGame::Inside onGame function
Tue Nov 27 15:19:59 EST 2018:com.risk.view.GameWindow:onGame::Add Armies Phase
Tue Nov 27 15:19:59 EST 2018:com.risk.view.GameWindow:onGame::Player2 is Computer
Tue Nov 27 15:19:59 EST 2018:com.risk.controller.GameController:addArmyRandom::Inside addArmyRandom function
Tue Nov 27 15:19:59 EST 2018:com.risk.controller.GameController:getRandomNumber::inside getRandomNumber function
Tue Nov 27 15:19:59 EST 2018:com.risk.controller.GameController:getRandomNumber::inside getRandomNumber function returns15
Tue Nov 27 15:19:59 EST 2018:com.risk.controller.GameController:addArmyToTerritory::inside addArmyToTerritory function
Tue Nov 27 15:19:59 EST 2018:com.risk.controller.GameController:addArmyToTerritory::Player2(3) has placed 1 armies in Kuwait
Tue Nov 27 15:19:59 EST 2018:com.risk.view.GameWindow:nextPlayer::Inside Next player function
Tue Nov 27 15:19:59 EST 2018:com.risk.view.GameWindow:onGame::Inside onGame function
Tue Nov 27 15:19:59 EST 2018:com.risk.view.GameWindow:onGame::Add Armies Phase
Tue Nov 27 15:19:59 EST 2018:com.risk.view.GameWindow:onGame::Player1 is Human
Tue Nov 27 15:20:02 EST 2018:com.risk.controller.GameController:addArmyToTerritory::inside addArmyToTerritory function
Tue Nov 27 15:20:02 EST 2018:com.risk.controller.GameController:addArmyToTerritory::Player1(2) has placed 1 armies in Pakistan
Tue Nov 27 15:20:02 EST 2018:com.risk.view.GameWindow:nextPlayer::Inside Next player function
Tue Nov 27 15:20:02 EST 2018:com.risk.view.GameWindow:onGame::Inside onGame function
Tue Nov 27 15:20:02 EST 2018:com.risk.view.GameWindow:onGame::Add Armies Phase
Tue Nov 27 15:20:02 EST 2018:com.risk.view.GameWindow:onGame::Player2 is Computer
Tue Nov 27 15:20:02 EST 2018:com.risk.controller.GameController:addArmyRandom::Inside addArmyRandom function
Tue Nov 27 15:20:02 EST 2018:com.risk.controller.GameController:getRandomNumber::inside getRandomNumber function
Tue Nov 27 15:20:02 EST 2018:com.risk.controller.GameController:getRandomNumber::inside getRandomNumber function returns21
Tue Nov 27 15:20:02 EST 2018:com.risk.controller.GameController:addArmyToTerritory::inside addArmyToTerritory function
Tue Nov 27 15:20:02 EST 2018:com.risk.controller.GameController:addArmyToTerritory::Player2(2) has placed 1 armies in Vietnam
Tue Nov 27 15:20:02 EST 2018:com.risk.view.GameWindow:nextPlayer::Inside Next player function
Tue Nov 27 15:20:02 EST 2018:com.risk.view.GameWindow:onGame::Inside onGame function
Tue Nov 27 15:20:02 EST 2018:com.risk.view.GameWindow:onGame::Add Armies Phase
Tue Nov 27 15:20:02 EST 2018:com.risk.view.GameWindow:onGame::Player1 is Human
Tue Nov 27 15:20:03 EST 2018:com.risk.controller.GameController:addArmyToTerritory::inside addArmyToTerritory function
Tue Nov 27 15:20:03 EST 2018:com.risk.controller.GameController:addArmyToTerritory::Player1(1) has placed 1 armies in Pakistan
Tue Nov 27 15:20:03 EST 2018:com.risk.view.GameWindow:nextPlayer::Inside Next player function
Tue Nov 27 15:20:03 EST 2018:com.risk.view.GameWindow:onGame::Inside onGame function
Tue Nov 27 15:20:03 EST 2018:com.risk.view.GameWindow:onGame::Add Armies Phase
Tue Nov 27 15:20:03 EST 2018:com.risk.view.GameWindow:onGame::Player2 is Computer
Tue Nov 27 15:20:03 EST 2018:com.risk.controller.GameController:addArmyRandom::Inside addArmyRandom function
Tue Nov 27 15:20:03 EST 2018:com.risk.controller.GameController:getRandomNumber::inside getRandomNumber function
Tue Nov 27 15:20:03 EST 2018:com.risk.controller.GameController:getRandomNumber::inside getRandomNumber function returns18
Tue Nov 27 15:20:03 EST 2018:com.risk.controller.GameController:addArmyToTerritory::inside addArmyToTerritory function
Tue Nov 27 15:20:03 EST 2018:com.risk.controller.GameController:addArmyToTerritory::Player2(1) has placed 1 armies in Uzbekistan
Tue Nov 27 15:20:03 EST 2018:com.risk.view.GameWindow:nextPlayer::Inside Next player function
Tue Nov 27 15:20:03 EST 2018:com.risk.view.GameWindow:onGame::Inside onGame function
Tue Nov 27 15:20:03 EST 2018:com.risk.view.GameWindow:onGame::Add Armies Phase
Tue Nov 27 15:20:03 EST 2018:com.risk.view.GameWindow:onGame::Player1 is Human
Tue Nov 27 15:20:06 EST 2018:com.risk.controller.GameController:addArmyToTerritory::inside addArmyToTerritory function
Tue Nov 27 15:20:06 EST 2018:com.risk.controller.GameController:addArmyToTerritory::Player1(0) has placed 1 armies in Myanmar
Tue Nov 27 15:20:06 EST 2018:com.risk.controller.GameController:addArmyToTerritory::Adding Armies completed. Move to Reinforcement Phase
Tue Nov 27 15:20:06 EST 2018:com.risk.view.GameWindow:nextPlayer::Inside Next player function
Tue Nov 27 15:20:06 EST 2018:com.risk.view.GameWindow:onGame::Inside onGame function
Tue Nov 27 15:20:06 EST 2018:com.risk.view.GameWindow:onGame::Add Armies Phase
Tue Nov 27 15:20:06 EST 2018:com.risk.view.GameWindow:onGame::Player2 is Computer
Tue Nov 27 15:20:06 EST 2018:com.risk.controller.GameController:addArmyRandom::Inside addArmyRandom function
Tue Nov 27 15:20:06 EST 2018:com.risk.controller.GameController:getRandomNumber::inside getRandomNumber function
Tue Nov 27 15:20:06 EST 2018:com.risk.controller.GameController:getRandomNumber::inside getRandomNumber function returns20
Tue Nov 27 15:20:06 EST 2018:com.risk.controller.GameController:addArmyToTerritory::inside addArmyToTerritory function
Tue Nov 27 15:20:06 EST 2018:com.risk.controller.GameController:addArmyToTerritory::Player2(0) has placed 1 armies in China
Tue Nov 27 15:20:06 EST 2018:com.risk.controller.GameController:addArmyToTerritory::Adding Armies completed. Move to Reinforcement Phase
Tue Nov 27 15:20:06 EST 2018:com.risk.view.GameWindow:nextPlayer::Inside Next player function
Tue Nov 27 15:20:06 EST 2018:com.risk.view.GameWindow:onGame::Inside onGame function
Tue Nov 27 15:20:06 EST 2018:com.risk.view.GameWindow:onGame::Reinforcement Phase
Tue Nov 27 15:20:09 EST 2018:com.risk.controller.GameController:getNumReinforcements::Inside addArmyRandom function
Tue Nov 27 15:20:09 EST 2018:com.risk.controller.GameController:getNumArmiesFromContinents::
Tue Nov 27 15:20:11 EST 2018:com.risk.controller.GameController:addArmyToTerritory::inside addArmyToTerritory function
Tue Nov 27 15:20:11 EST 2018:com.risk.controller.GameController:addArmyToTerritory::Player1(5) has placed 1 armies in Pakistan
Tue Nov 27 15:20:15 EST 2018:com.risk.controller.GameController:addArmyToTerritory::inside addArmyToTerritory function
Tue Nov 27 15:20:15 EST 2018:com.risk.controller.GameController:addArmyToTerritory::Player1(4) has placed 1 armies in Jordan
Tue Nov 27 15:20:17 EST 2018:com.risk.controller.GameController:addArmyToTerritory::inside addArmyToTerritory function
Tue Nov 27 15:20:17 EST 2018:com.risk.controller.GameController:addArmyToTerritory::Player1(3) has placed 1 armies in Cyprus
Tue Nov 27 15:20:19 EST 2018:com.risk.controller.GameController:addArmyToTerritory::inside addArmyToTerritory function
Tue Nov 27 15:20:19 EST 2018:com.risk.controller.GameController:addArmyToTerritory::Player1(2) has placed 1 armies in Saudi Arabia
Tue Nov 27 15:20:21 EST 2018:com.risk.controller.GameController:addArmyToTerritory::inside addArmyToTerritory function
Tue Nov 27 15:20:21 EST 2018:com.risk.controller.GameController:addArmyToTerritory::Player1(1) has placed 1 armies in Pakistan
Tue Nov 27 15:20:23 EST 2018:com.risk.controller.GameController:addArmyToTerritory::inside addArmyToTerritory function
Tue Nov 27 15:20:23 EST 2018:com.risk.controller.GameController:addArmyToTerritory::Player1(0) has placed 1 armies in Jordan
Tue Nov 27 15:20:23 EST 2018:com.risk.controller.GameController:addArmyToTerritory::Adding Armies during Reinforcement completed. Move to Attack Phase
Tue Nov 27 15:20:23 EST 2018:com.risk.view.GameWindow:onGame::Inside onGame function
Tue Nov 27 15:20:23 EST 2018:com.risk.view.GameWindow:onGame::Attack Phase
Tue Nov 27 15:20:48 EST 2018:com.risk.controller.GameController:isWinner::
Tue Nov 27 15:21:19 EST 2018:com.risk.controller.GameController:getNumAttackerArmies::
Tue Nov 27 15:21:19 EST 2018:com.risk.controller.GameController:getNumAttackerArmies::Attacker number of armies:3
Tue Nov 27 15:21:19 EST 2018:com.risk.controller.GameController:getNumAttackerArmies::
Tue Nov 27 15:21:19 EST 2018:com.risk.controller.GameController:getNumAttackerArmies::Attacker number of armies:3
Tue Nov 27 15:21:19 EST 2018:com.risk.controller.GameController:getNumOpponentArmies::
Tue Nov 27 15:21:19 EST 2018:com.risk.controller.GameController:getNumOpponentArmies::Opponent number of armies:1
Tue Nov 27 15:21:19 EST 2018:com.risk.controller.GameController:hasEnoughArmies::
Tue Nov 27 15:21:19 EST 2018:com.risk.controller.GameController:attack::
Tue Nov 27 15:21:19 EST 2018:com.risk.controller.GameController:attack::Player1 has 3 dices and the results are 
Tue Nov 27 15:21:19 EST 2018:com.risk.controller.GameController:attack::5
Tue Nov 27 15:21:19 EST 2018:com.risk.controller.GameController:attack::1
Tue Nov 27 15:21:19 EST 2018:com.risk.controller.GameController:attack::1
Tue Nov 27 15:21:19 EST 2018:com.risk.controller.GameController:attack::Player1 has 3 dices and the results are 
Tue Nov 27 15:21:19 EST 2018:com.risk.controller.GameController:attack::5
Tue Nov 27 15:21:19 EST 2018:com.risk.controller.GameController:attack::Comparing 5,5
Tue Nov 27 15:21:19 EST 2018:com.risk.controller.GameController:attack::Player1 lost an army.
Tue Nov 27 15:21:19 EST 2018:com.risk.controller.GameController:attack::Player1 has balance armies in Jordan is 4
Tue Nov 27 15:21:19 EST 2018:com.risk.controller.GameController:attack::Player2 has balance armies in Syria is 1
Tue Nov 27 15:21:19 EST 2018:com.risk.controller.GameController:attack::Nobody wins
Tue Nov 27 15:21:19 EST 2018:com.risk.controller.GameController:updateGame::
Tue Nov 27 15:21:19 EST 2018:com.risk.controller.GameController:updateTerritoryRuler::
Tue Nov 27 15:21:19 EST 2018:com.risk.controller.GameController:updateTerritoryRuler::
Tue Nov 27 15:21:19 EST 2018:com.risk.controller.GameController:updatePlayerList::
Tue Nov 27 15:21:19 EST 2018:com.risk.controller.GameController:isWinner::
Tue Nov 27 15:21:31 EST 2018:com.risk.controller.GameController:getNumAttackerArmies::
Tue Nov 27 15:21:31 EST 2018:com.risk.controller.GameController:getNumAttackerArmies::Attacker number of armies:3
Tue Nov 27 15:21:31 EST 2018:com.risk.controller.GameController:getNumAttackerArmies::
Tue Nov 27 15:21:31 EST 2018:com.risk.controller.GameController:getNumAttackerArmies::Attacker number of armies:3
Tue Nov 27 15:21:31 EST 2018:com.risk.controller.GameController:getNumOpponentArmies::
Tue Nov 27 15:21:31 EST 2018:com.risk.controller.GameController:getNumOpponentArmies::Opponent number of armies:1
Tue Nov 27 15:21:31 EST 2018:com.risk.controller.GameController:hasEnoughArmies::
Tue Nov 27 15:21:31 EST 2018:com.risk.controller.GameController:attack::
Tue Nov 27 15:21:31 EST 2018:com.risk.controller.GameController:attack::Player1 has 3 dices and the results are 
Tue Nov 27 15:21:31 EST 2018:com.risk.controller.GameController:attack::6
Tue Nov 27 15:21:31 EST 2018:com.risk.controller.GameController:attack::4
Tue Nov 27 15:21:31 EST 2018:com.risk.controller.GameController:attack::3
Tue Nov 27 15:21:31 EST 2018:com.risk.controller.GameController:attack::Player1 has 3 dices and the results are 
Tue Nov 27 15:21:31 EST 2018:com.risk.controller.GameController:attack::2
Tue Nov 27 15:21:31 EST 2018:com.risk.controller.GameController:attack::Comparing 6,2
Tue Nov 27 15:21:31 EST 2018:com.risk.controller.GameController:attack::Player2 lost an army.
Tue Nov 27 15:21:31 EST 2018:com.risk.controller.GameController:attack::Player1 has balance armies in Jordan is 4
Tue Nov 27 15:21:31 EST 2018:com.risk.controller.GameController:attack::Player2 has balance armies in Syria is 0
Tue Nov 27 15:21:31 EST 2018:com.risk.controller.GameController:attack::Player1 won and balance armies 4
Tue Nov 27 15:21:31 EST 2018:com.risk.controller.GameController:updateGame::
Tue Nov 27 15:21:49 EST 2018:com.risk.controller.GameController:updateTerritoryRuler::
Tue Nov 27 15:21:49 EST 2018:com.risk.controller.GameController:updateTerritoryRuler::
Tue Nov 27 15:21:49 EST 2018:com.risk.controller.GameController:updateAddPlayerList::
Tue Nov 27 15:21:49 EST 2018:com.risk.controller.GameController:updateRemovePlayerList::
Tue Nov 27 15:21:49 EST 2018:com.risk.controller.GameController:updatePlayerList::
Tue Nov 27 15:21:49 EST 2018:com.risk.controller.GameController:isWinner::
